*********************************************************************
* LD Score Regression (LDSC)
* Version 1.0.1
* (C) 2014-2019 Brendan Bulik-Sullivan and Hilary Finucane
* Broad Institute of MIT and Harvard / MIT Department of Mathematics
* GNU General Public License v3
*********************************************************************
Call: 
./ldsc.py \
--print-snps /dcs04/lieber/shared/statsgen/LDSC/base/referencefiles/hapmap3_snps/hm.16.snp \
--ld-wind-cm 1.0 \
--out ./out_Astro.NMF53/chr.16 \
--bfile /dcs04/lieber/shared/statsgen/LDSC/base/referencefiles/1000G_EUR_Phase3_plink/1000G.EUR.QC.16 \
--thin-annot  \
--annot ./out_Astro.NMF53/chr.16.annot.gz \
--l2  

Beginning analysis at Thu Dec 12 08:52:49 2024
Read list of 316981 SNPs from /dcs04/lieber/shared/statsgen/LDSC/base/referencefiles/1000G_EUR_Phase3_plink/1000G.EUR.QC.16.bim
Read 1 annotations for 316981 SNPs from ./out_Astro.NMF53/chr.16.annot.gz
Read list of 489 individuals from /dcs04/lieber/shared/statsgen/LDSC/base/referencefiles/1000G_EUR_Phase3_plink/1000G.EUR.QC.16.fam
Reading genotypes from /dcs04/lieber/shared/statsgen/LDSC/base/referencefiles/1000G_EUR_Phase3_plink/1000G.EUR.QC.16.bed
Estimating LD Score.
Reading list of 44710 SNPs for which to print LD Scores from /dcs04/lieber/shared/statsgen/LDSC/base/referencefiles/hapmap3_snps/hm.16.snp
After merging with --print-snps, LD Scores for 37656 SNPs will be printed.
Writing LD Scores for 37656 SNPs to ./out_Astro.NMF53/chr.16.l2.ldscore.gz

Summary of LD Scores in ./out_Astro.NMF53/chr.16.l2.ldscore.gz
         MAF        L2
mean  0.2370    9.1236
std   0.1437   31.4482
min   0.0051   -1.7253
25%   0.1115    0.0000
50%   0.2290    0.0000
75%   0.3589    0.3554
max   0.5000  322.7224

MAF/LD Score Correlation Matrix
        MAF      L2
MAF  1.0000  0.0585
L2   0.0585  1.0000

Annotation Correlation Matrix
       ANNOT
ANNOT    1.0

Annotation Matrix Column Sums
ANNOT    29281

Summary of Annotation Matrix Row Sums
count    316981.0000
mean          0.0924
std           0.2896
min           0.0000
25%           0.0000
50%           0.0000
75%           0.0000
max           1.0000
Analysis finished at Thu Dec 12 08:53:50 2024
Total time elapsed: 1.0m:1.97s
