**** Job starts ****
Thu Dec 12 08:39:49 AM EST 2024
*********************************************************************
* LD Score Regression (LDSC)
* Version 1.0.1
* (C) 2014-2019 Brendan Bulik-Sullivan and Hilary Finucane
* Broad Institute of MIT and Harvard / MIT Department of Mathematics
* GNU General Public License v3
*********************************************************************
Call: 
./ldsc.py \
--print-snps /dcs04/lieber/shared/statsgen/LDSC/base/referencefiles/hapmap3_snps/hm.9.snp \
--ld-wind-cm 1.0 \
--out ./out_L2_3_IT.NMF11/chr.9 \
--bfile /dcs04/lieber/shared/statsgen/LDSC/base/referencefiles/1000G_EUR_Phase3_plink/1000G.EUR.QC.9 \
--thin-annot  \
--annot ./out_L2_3_IT.NMF11/chr.9.annot.gz \
--l2  

Beginning analysis at Thu Dec 12 08:39:49 2024
Read list of 438106 SNPs from /dcs04/lieber/shared/statsgen/LDSC/base/referencefiles/1000G_EUR_Phase3_plink/1000G.EUR.QC.9.bim
Read 1 annotations for 438106 SNPs from ./out_L2_3_IT.NMF11/chr.9.annot.gz
Read list of 489 individuals from /dcs04/lieber/shared/statsgen/LDSC/base/referencefiles/1000G_EUR_Phase3_plink/1000G.EUR.QC.9.fam
Reading genotypes from /dcs04/lieber/shared/statsgen/LDSC/base/referencefiles/1000G_EUR_Phase3_plink/1000G.EUR.QC.9.bed
After filtering, 438106 SNPs remain
Estimating LD Score.
Reading list of 63706 SNPs for which to print LD Scores from /dcs04/lieber/shared/statsgen/LDSC/base/referencefiles/hapmap3_snps/hm.9.snp
After merging with --print-snps, LD Scores for 55885 SNPs will be printed.
Writing LD Scores for 55885 SNPs to ./out_L2_3_IT.NMF11/chr.9.l2.ldscore.gz

Summary of LD Scores in ./out_L2_3_IT.NMF11/chr.9.l2.ldscore.gz
         MAF        L2
mean  0.2343   13.2684
std   0.1436   33.2567
min   0.0051   -1.5518
25%   0.1084    0.0000
50%   0.2239    0.0000
75%   0.3558    3.2728
max   0.5000  263.1941

MAF/LD Score Correlation Matrix
        MAF      L2
MAF  1.0000  0.0314
L2   0.0314  1.0000

Annotation Correlation Matrix
       ANNOT
ANNOT    1.0

Annotation Matrix Column Sums
ANNOT    61674

Summary of Annotation Matrix Row Sums
count    438106.0000
mean          0.1408
std           0.3478
min           0.0000
25%           0.0000
50%           0.0000
75%           0.0000
max           1.0000
Analysis finished at Thu Dec 12 08:41:00 2024
Total time elapsed: 1.0m:10.38s
*********************************************************************
* LD Score Regression (LDSC)
* Version 1.0.1
* (C) 2014-2019 Brendan Bulik-Sullivan and Hilary Finucane
* Broad Institute of MIT and Harvard / MIT Department of Mathematics
* GNU General Public License v3
*********************************************************************
Call: 
./ldsc.py \
--print-snps /dcs04/lieber/shared/statsgen/LDSC/base/referencefiles/hapmap3_snps/hm.10.snp \
--ld-wind-cm 1.0 \
--out ./out_L2_3_IT.NMF11/chr.10 \
--bfile /dcs04/lieber/shared/statsgen/LDSC/base/referencefiles/1000G_EUR_Phase3_plink/1000G.EUR.QC.10 \
--thin-annot  \
--annot ./out_L2_3_IT.NMF11/chr.10.annot.gz \
--l2  

Beginning analysis at Thu Dec 12 08:41:00 2024
Read list of 510501 SNPs from /dcs04/lieber/shared/statsgen/LDSC/base/referencefiles/1000G_EUR_Phase3_plink/1000G.EUR.QC.10.bim
Read 1 annotations for 510501 SNPs from ./out_L2_3_IT.NMF11/chr.10.annot.gz
Read list of 489 individuals from /dcs04/lieber/shared/statsgen/LDSC/base/referencefiles/1000G_EUR_Phase3_plink/1000G.EUR.QC.10.fam
Reading genotypes from /dcs04/lieber/shared/statsgen/LDSC/base/referencefiles/1000G_EUR_Phase3_plink/1000G.EUR.QC.10.bed
After filtering, 510501 SNPs remain
Estimating LD Score.
Reading list of 73929 SNPs for which to print LD Scores from /dcs04/lieber/shared/statsgen/LDSC/base/referencefiles/hapmap3_snps/hm.10.snp
After merging with --print-snps, LD Scores for 64236 SNPs will be printed.
Writing LD Scores for 64236 SNPs to ./out_L2_3_IT.NMF11/chr.10.l2.ldscore.gz

Summary of LD Scores in ./out_L2_3_IT.NMF11/chr.10.l2.ldscore.gz
         MAF        L2
mean  0.2316   14.2503
std   0.1438   39.3833
min   0.0051   -2.0979
25%   0.1053    0.0000
50%   0.2188    0.0000
75%   0.3538    3.4576
max   0.5000  498.0574

MAF/LD Score Correlation Matrix
        MAF      L2
MAF  1.0000  0.0733
L2   0.0733  1.0000

Annotation Correlation Matrix
       ANNOT
ANNOT    1.0

Annotation Matrix Column Sums
ANNOT    65886

Summary of Annotation Matrix Row Sums
count    510501.0000
mean          0.1291
std           0.3353
min           0.0000
25%           0.0000
50%           0.0000
75%           0.0000
max           1.0000
Analysis finished at Thu Dec 12 08:42:24 2024
Total time elapsed: 1.0m:23.5s
*********************************************************************
* LD Score Regression (LDSC)
* Version 1.0.1
* (C) 2014-2019 Brendan Bulik-Sullivan and Hilary Finucane
* Broad Institute of MIT and Harvard / MIT Department of Mathematics
* GNU General Public License v3
*********************************************************************
Call: 
./ldsc.py \
--print-snps /dcs04/lieber/shared/statsgen/LDSC/base/referencefiles/hapmap3_snps/hm.11.snp \
--ld-wind-cm 1.0 \
--out ./out_L2_3_IT.NMF11/chr.11 \
--bfile /dcs04/lieber/shared/statsgen/LDSC/base/referencefiles/1000G_EUR_Phase3_plink/1000G.EUR.QC.11 \
--thin-annot  \
--annot ./out_L2_3_IT.NMF11/chr.11.annot.gz \
--l2  

Beginning analysis at Thu Dec 12 08:42:24 2024
Read list of 493922 SNPs from /dcs04/lieber/shared/statsgen/LDSC/base/referencefiles/1000G_EUR_Phase3_plink/1000G.EUR.QC.11.bim
Read 1 annotations for 493922 SNPs from ./out_L2_3_IT.NMF11/chr.11.annot.gz
Read list of 489 individuals from /dcs04/lieber/shared/statsgen/LDSC/base/referencefiles/1000G_EUR_Phase3_plink/1000G.EUR.QC.11.fam
Reading genotypes from /dcs04/lieber/shared/statsgen/LDSC/base/referencefiles/1000G_EUR_Phase3_plink/1000G.EUR.QC.11.bed
After filtering, 493922 SNPs remain
Estimating LD Score.
Reading list of 71092 SNPs for which to print LD Scores from /dcs04/lieber/shared/statsgen/LDSC/base/referencefiles/hapmap3_snps/hm.11.snp
After merging with --print-snps, LD Scores for 61027 SNPs will be printed.
Writing LD Scores for 61027 SNPs to ./out_L2_3_IT.NMF11/chr.11.l2.ldscore.gz

Summary of LD Scores in ./out_L2_3_IT.NMF11/chr.11.l2.ldscore.gz
         MAF        L2
mean  0.2389   20.1090
std   0.1430   47.4695
min   0.0051   -3.9564
25%   0.1145    0.0000
50%   0.2301    0.2070
75%   0.3609   12.9741
max   0.5000  538.6610

MAF/LD Score Correlation Matrix
        MAF      L2
MAF  1.0000  0.0609
L2   0.0609  1.0000

Annotation Correlation Matrix
       ANNOT
ANNOT    1.0

Annotation Matrix Column Sums
ANNOT    89176

Summary of Annotation Matrix Row Sums
count    493922.0000
mean          0.1805
std           0.3846
min           0.0000
25%           0.0000
50%           0.0000
75%           0.0000
max           1.0000
Analysis finished at Thu Dec 12 08:44:19 2024
Total time elapsed: 1.0m:54.71s
*********************************************************************
* LD Score Regression (LDSC)
* Version 1.0.1
* (C) 2014-2019 Brendan Bulik-Sullivan and Hilary Finucane
* Broad Institute of MIT and Harvard / MIT Department of Mathematics
* GNU General Public License v3
*********************************************************************
Call: 
./ldsc.py \
--print-snps /dcs04/lieber/shared/statsgen/LDSC/base/referencefiles/hapmap3_snps/hm.12.snp \
--ld-wind-cm 1.0 \
--out ./out_L2_3_IT.NMF11/chr.12 \
--bfile /dcs04/lieber/shared/statsgen/LDSC/base/referencefiles/1000G_EUR_Phase3_plink/1000G.EUR.QC.12 \
--thin-annot  \
--annot ./out_L2_3_IT.NMF11/chr.12.annot.gz \
--l2  

Beginning analysis at Thu Dec 12 08:44:19 2024
Read list of 480110 SNPs from /dcs04/lieber/shared/statsgen/LDSC/base/referencefiles/1000G_EUR_Phase3_plink/1000G.EUR.QC.12.bim
Read 1 annotations for 480110 SNPs from ./out_L2_3_IT.NMF11/chr.12.annot.gz
Read list of 489 individuals from /dcs04/lieber/shared/statsgen/LDSC/base/referencefiles/1000G_EUR_Phase3_plink/1000G.EUR.QC.12.fam
Reading genotypes from /dcs04/lieber/shared/statsgen/LDSC/base/referencefiles/1000G_EUR_Phase3_plink/1000G.EUR.QC.12.bed
After filtering, 480110 SNPs remain
Estimating LD Score.
Reading list of 68635 SNPs for which to print LD Scores from /dcs04/lieber/shared/statsgen/LDSC/base/referencefiles/hapmap3_snps/hm.12.snp
After merging with --print-snps, LD Scores for 58127 SNPs will be printed.
Writing LD Scores for 58127 SNPs to ./out_L2_3_IT.NMF11/chr.12.l2.ldscore.gz

Summary of LD Scores in ./out_L2_3_IT.NMF11/chr.12.l2.ldscore.gz
         MAF        L2
mean  0.2320   23.9254
std   0.1438   54.0234
min   0.0051   -2.1636
25%   0.1063    0.0000
50%   0.2198    1.2753
75%   0.3548   21.2385
max   0.5000  577.8257

MAF/LD Score Correlation Matrix
        MAF      L2
MAF  1.0000  0.0529
L2   0.0529  1.0000

Annotation Correlation Matrix
       ANNOT
ANNOT    1.0

Annotation Matrix Column Sums
ANNOT    93210

Summary of Annotation Matrix Row Sums
count    480110.0000
mean          0.1941
std           0.3955
min           0.0000
25%           0.0000
50%           0.0000
75%           0.0000
max           1.0000
Analysis finished at Thu Dec 12 08:46:20 2024
Total time elapsed: 2.0m:0.39s
*********************************************************************
* LD Score Regression (LDSC)
* Version 1.0.1
* (C) 2014-2019 Brendan Bulik-Sullivan and Hilary Finucane
* Broad Institute of MIT and Harvard / MIT Department of Mathematics
* GNU General Public License v3
*********************************************************************
Call: 
./ldsc.py \
--print-snps /dcs04/lieber/shared/statsgen/LDSC/base/referencefiles/hapmap3_snps/hm.13.snp \
--ld-wind-cm 1.0 \
--out ./out_L2_3_IT.NMF11/chr.13 \
--bfile /dcs04/lieber/shared/statsgen/LDSC/base/referencefiles/1000G_EUR_Phase3_plink/1000G.EUR.QC.13 \
--thin-annot  \
--annot ./out_L2_3_IT.NMF11/chr.13.annot.gz \
--l2  

Beginning analysis at Thu Dec 12 08:46:20 2024
Read list of 366200 SNPs from /dcs04/lieber/shared/statsgen/LDSC/base/referencefiles/1000G_EUR_Phase3_plink/1000G.EUR.QC.13.bim
Read 1 annotations for 366200 SNPs from ./out_L2_3_IT.NMF11/chr.13.annot.gz
Read list of 489 individuals from /dcs04/lieber/shared/statsgen/LDSC/base/referencefiles/1000G_EUR_Phase3_plink/1000G.EUR.QC.13.fam
Reading genotypes from /dcs04/lieber/shared/statsgen/LDSC/base/referencefiles/1000G_EUR_Phase3_plink/1000G.EUR.QC.13.bed
After filtering, 366200 SNPs remain
Estimating LD Score.
Reading list of 52010 SNPs for which to print LD Scores from /dcs04/lieber/shared/statsgen/LDSC/base/referencefiles/hapmap3_snps/hm.13.snp
After merging with --print-snps, LD Scores for 45136 SNPs will be printed.
Writing LD Scores for 45136 SNPs to ./out_L2_3_IT.NMF11/chr.13.l2.ldscore.gz

Summary of LD Scores in ./out_L2_3_IT.NMF11/chr.13.l2.ldscore.gz
         MAF        L2
mean  0.2329   14.8251
std   0.1436   36.3618
min   0.0051   -2.7901
25%   0.1063    0.0000
50%   0.2198    0.0000
75%   0.3548    4.1156
max   0.5000  349.7052

MAF/LD Score Correlation Matrix
        MAF      L2
MAF  1.0000  0.0783
L2   0.0783  1.0000

Annotation Correlation Matrix
       ANNOT
ANNOT    1.0

Annotation Matrix Column Sums
ANNOT    53390

Summary of Annotation Matrix Row Sums
count    366200.0000
mean          0.1458
std           0.3529
min           0.0000
25%           0.0000
50%           0.0000
75%           0.0000
max           1.0000
Analysis finished at Thu Dec 12 08:47:18 2024
Total time elapsed: 58.07s
*********************************************************************
* LD Score Regression (LDSC)
* Version 1.0.1
* (C) 2014-2019 Brendan Bulik-Sullivan and Hilary Finucane
* Broad Institute of MIT and Harvard / MIT Department of Mathematics
* GNU General Public License v3
*********************************************************************
Call: 
./ldsc.py \
--print-snps /dcs04/lieber/shared/statsgen/LDSC/base/referencefiles/hapmap3_snps/hm.14.snp \
--ld-wind-cm 1.0 \
--out ./out_L2_3_IT.NMF11/chr.14 \
--bfile /dcs04/lieber/shared/statsgen/LDSC/base/referencefiles/1000G_EUR_Phase3_plink/1000G.EUR.QC.14 \
--thin-annot  \
--annot ./out_L2_3_IT.NMF11/chr.14.annot.gz \
--l2  

Beginning analysis at Thu Dec 12 08:47:18 2024
Read list of 324698 SNPs from /dcs04/lieber/shared/statsgen/LDSC/base/referencefiles/1000G_EUR_Phase3_plink/1000G.EUR.QC.14.bim
Read 1 annotations for 324698 SNPs from ./out_L2_3_IT.NMF11/chr.14.annot.gz
Read list of 489 individuals from /dcs04/lieber/shared/statsgen/LDSC/base/referencefiles/1000G_EUR_Phase3_plink/1000G.EUR.QC.14.fam
Reading genotypes from /dcs04/lieber/shared/statsgen/LDSC/base/referencefiles/1000G_EUR_Phase3_plink/1000G.EUR.QC.14.bed
After filtering, 324698 SNPs remain
Estimating LD Score.
Reading list of 45556 SNPs for which to print LD Scores from /dcs04/lieber/shared/statsgen/LDSC/base/referencefiles/hapmap3_snps/hm.14.snp
After merging with --print-snps, LD Scores for 39504 SNPs will be printed.
Writing LD Scores for 39504 SNPs to ./out_L2_3_IT.NMF11/chr.14.l2.ldscore.gz

Summary of LD Scores in ./out_L2_3_IT.NMF11/chr.14.l2.ldscore.gz
         MAF        L2
mean  0.2308   18.8860
std   0.1432   43.4460
min   0.0051   -2.6653
25%   0.1053    0.0000
50%   0.2188    0.0000
75%   0.3497   11.3972
max   0.5000  328.5758

MAF/LD Score Correlation Matrix
        MAF      L2
MAF  1.0000  0.0953
L2   0.0953  1.0000

Annotation Correlation Matrix
       ANNOT
ANNOT    1.0

Annotation Matrix Column Sums
ANNOT    51930

Summary of Annotation Matrix Row Sums
count    324698.0000
mean          0.1599
std           0.3665
min           0.0000
25%           0.0000
50%           0.0000
75%           0.0000
max           1.0000
Analysis finished at Thu Dec 12 08:48:18 2024
Total time elapsed: 59.93s
*********************************************************************
* LD Score Regression (LDSC)
* Version 1.0.1
* (C) 2014-2019 Brendan Bulik-Sullivan and Hilary Finucane
* Broad Institute of MIT and Harvard / MIT Department of Mathematics
* GNU General Public License v3
*********************************************************************
Call: 
./ldsc.py \
--print-snps /dcs04/lieber/shared/statsgen/LDSC/base/referencefiles/hapmap3_snps/hm.15.snp \
--ld-wind-cm 1.0 \
--out ./out_L2_3_IT.NMF11/chr.15 \
--bfile /dcs04/lieber/shared/statsgen/LDSC/base/referencefiles/1000G_EUR_Phase3_plink/1000G.EUR.QC.15 \
--thin-annot  \
--annot ./out_L2_3_IT.NMF11/chr.15.annot.gz \
--l2  

Beginning analysis at Thu Dec 12 08:48:19 2024
Read list of 287001 SNPs from /dcs04/lieber/shared/statsgen/LDSC/base/referencefiles/1000G_EUR_Phase3_plink/1000G.EUR.QC.15.bim
Read 1 annotations for 287001 SNPs from ./out_L2_3_IT.NMF11/chr.15.annot.gz
Read list of 489 individuals from /dcs04/lieber/shared/statsgen/LDSC/base/referencefiles/1000G_EUR_Phase3_plink/1000G.EUR.QC.15.fam
Reading genotypes from /dcs04/lieber/shared/statsgen/LDSC/base/referencefiles/1000G_EUR_Phase3_plink/1000G.EUR.QC.15.bed
After filtering, 287001 SNPs remain
Estimating LD Score.
Reading list of 42410 SNPs for which to print LD Scores from /dcs04/lieber/shared/statsgen/LDSC/base/referencefiles/hapmap3_snps/hm.15.snp
After merging with --print-snps, LD Scores for 36291 SNPs will be printed.
Writing LD Scores for 36291 SNPs to ./out_L2_3_IT.NMF11/chr.15.l2.ldscore.gz

Summary of LD Scores in ./out_L2_3_IT.NMF11/chr.15.l2.ldscore.gz
         MAF        L2
mean  0.2363   17.3314
std   0.1452   41.3411
min   0.0051   -1.6464
25%   0.1084    0.0000
50%   0.2260    0.0129
75%   0.3630    9.1611
max   0.5000  405.6091

MAF/LD Score Correlation Matrix
        MAF      L2
MAF  1.0000  0.0545
L2   0.0545  1.0000

Annotation Correlation Matrix
       ANNOT
ANNOT    1.0

Annotation Matrix Column Sums
ANNOT    51066

Summary of Annotation Matrix Row Sums
count    287001.0000
mean          0.1779
std           0.3825
min           0.0000
25%           0.0000
50%           0.0000
75%           0.0000
max           1.0000
Analysis finished at Thu Dec 12 08:49:06 2024
Total time elapsed: 47.55s
*********************************************************************
* LD Score Regression (LDSC)
* Version 1.0.1
* (C) 2014-2019 Brendan Bulik-Sullivan and Hilary Finucane
* Broad Institute of MIT and Harvard / MIT Department of Mathematics
* GNU General Public License v3
*********************************************************************
Call: 
./ldsc.py \
--print-snps /dcs04/lieber/shared/statsgen/LDSC/base/referencefiles/hapmap3_snps/hm.16.snp \
--ld-wind-cm 1.0 \
--out ./out_L2_3_IT.NMF11/chr.16 \
--bfile /dcs04/lieber/shared/statsgen/LDSC/base/referencefiles/1000G_EUR_Phase3_plink/1000G.EUR.QC.16 \
--thin-annot  \
--annot ./out_L2_3_IT.NMF11/chr.16.annot.gz \
--l2  

Beginning analysis at Thu Dec 12 08:49:07 2024
Read list of 316981 SNPs from /dcs04/lieber/shared/statsgen/LDSC/base/referencefiles/1000G_EUR_Phase3_plink/1000G.EUR.QC.16.bim
Read 1 annotations for 316981 SNPs from ./out_L2_3_IT.NMF11/chr.16.annot.gz
Read list of 489 individuals from /dcs04/lieber/shared/statsgen/LDSC/base/referencefiles/1000G_EUR_Phase3_plink/1000G.EUR.QC.16.fam
Reading genotypes from /dcs04/lieber/shared/statsgen/LDSC/base/referencefiles/1000G_EUR_Phase3_plink/1000G.EUR.QC.16.bed
After filtering, 316981 SNPs remain
Estimating LD Score.
Reading list of 44710 SNPs for which to print LD Scores from /dcs04/lieber/shared/statsgen/LDSC/base/referencefiles/hapmap3_snps/hm.16.snp
After merging with --print-snps, LD Scores for 37656 SNPs will be printed.
Writing LD Scores for 37656 SNPs to ./out_L2_3_IT.NMF11/chr.16.l2.ldscore.gz

Summary of LD Scores in ./out_L2_3_IT.NMF11/chr.16.l2.ldscore.gz
         MAF        L2
mean  0.2370   13.1986
std   0.1437   34.0655
min   0.0051   -1.9591
25%   0.1115    0.0000
50%   0.2290    0.0000
75%   0.3589    1.7583
max   0.5000  343.9015

MAF/LD Score Correlation Matrix
        MAF      L2
MAF  1.0000  0.0796
L2   0.0796  1.0000

Annotation Correlation Matrix
       ANNOT
ANNOT    1.0

Annotation Matrix Column Sums
ANNOT    46005

Summary of Annotation Matrix Row Sums
count    316981.0000
mean          0.1451
std           0.3522
min           0.0000
25%           0.0000
50%           0.0000
75%           0.0000
max           1.0000
Analysis finished at Thu Dec 12 08:49:51 2024
Total time elapsed: 44.57s
*********************************************************************
* LD Score Regression (LDSC)
* Version 1.0.1
* (C) 2014-2019 Brendan Bulik-Sullivan and Hilary Finucane
* Broad Institute of MIT and Harvard / MIT Department of Mathematics
* GNU General Public License v3
*********************************************************************
Call: 
./ldsc.py \
--print-snps /dcs04/lieber/shared/statsgen/LDSC/base/referencefiles/hapmap3_snps/hm.17.snp \
--ld-wind-cm 1.0 \
--out ./out_L2_3_IT.NMF11/chr.17 \
--bfile /dcs04/lieber/shared/statsgen/LDSC/base/referencefiles/1000G_EUR_Phase3_plink/1000G.EUR.QC.17 \
--thin-annot  \
--annot ./out_L2_3_IT.NMF11/chr.17.annot.gz \
--l2  

Beginning analysis at Thu Dec 12 08:49:52 2024
Read list of 269222 SNPs from /dcs04/lieber/shared/statsgen/LDSC/base/referencefiles/1000G_EUR_Phase3_plink/1000G.EUR.QC.17.bim
Read 1 annotations for 269222 SNPs from ./out_L2_3_IT.NMF11/chr.17.annot.gz
Read list of 489 individuals from /dcs04/lieber/shared/statsgen/LDSC/base/referencefiles/1000G_EUR_Phase3_plink/1000G.EUR.QC.17.fam
Reading genotypes from /dcs04/lieber/shared/statsgen/LDSC/base/referencefiles/1000G_EUR_Phase3_plink/1000G.EUR.QC.17.bed
After filtering, 269222 SNPs remain
Estimating LD Score.
Reading list of 38396 SNPs for which to print LD Scores from /dcs04/lieber/shared/statsgen/LDSC/base/referencefiles/hapmap3_snps/hm.17.snp
After merging with --print-snps, LD Scores for 32315 SNPs will be printed.
Writing LD Scores for 32315 SNPs to ./out_L2_3_IT.NMF11/chr.17.l2.ldscore.gz

Summary of LD Scores in ./out_L2_3_IT.NMF11/chr.17.l2.ldscore.gz
         MAF         L2
mean  0.2414    22.3666
std   0.1449   112.9000
min   0.0051    -3.1348
25%   0.1135     0.0000
50%   0.2352     0.0000
75%   0.3671     4.7038
max   0.5000  1475.5217

MAF/LD Score Correlation Matrix
        MAF      L2
MAF  1.0000  0.0519
L2   0.0519  1.0000

Annotation Correlation Matrix
       ANNOT
ANNOT    1.0

Annotation Matrix Column Sums
ANNOT    41876

Summary of Annotation Matrix Row Sums
count    269222.0000
mean          0.1555
std           0.3624
min           0.0000
25%           0.0000
50%           0.0000
75%           0.0000
max           1.0000
Analysis finished at Thu Dec 12 08:50:29 2024
Total time elapsed: 37.19s
*********************************************************************
* LD Score Regression (LDSC)
* Version 1.0.1
* (C) 2014-2019 Brendan Bulik-Sullivan and Hilary Finucane
* Broad Institute of MIT and Harvard / MIT Department of Mathematics
* GNU General Public License v3
*********************************************************************
Call: 
./ldsc.py \
--print-snps /dcs04/lieber/shared/statsgen/LDSC/base/referencefiles/hapmap3_snps/hm.18.snp \
--ld-wind-cm 1.0 \
--out ./out_L2_3_IT.NMF11/chr.18 \
--bfile /dcs04/lieber/shared/statsgen/LDSC/base/referencefiles/1000G_EUR_Phase3_plink/1000G.EUR.QC.18 \
--thin-annot  \
--annot ./out_L2_3_IT.NMF11/chr.18.annot.gz \
--l2  

Beginning analysis at Thu Dec 12 08:50:29 2024
Read list of 285156 SNPs from /dcs04/lieber/shared/statsgen/LDSC/base/referencefiles/1000G_EUR_Phase3_plink/1000G.EUR.QC.18.bim
Read 1 annotations for 285156 SNPs from ./out_L2_3_IT.NMF11/chr.18.annot.gz
Read list of 489 individuals from /dcs04/lieber/shared/statsgen/LDSC/base/referencefiles/1000G_EUR_Phase3_plink/1000G.EUR.QC.18.fam
Reading genotypes from /dcs04/lieber/shared/statsgen/LDSC/base/referencefiles/1000G_EUR_Phase3_plink/1000G.EUR.QC.18.bed
After filtering, 285156 SNPs remain
Estimating LD Score.
Reading list of 40891 SNPs for which to print LD Scores from /dcs04/lieber/shared/statsgen/LDSC/base/referencefiles/hapmap3_snps/hm.18.snp
After merging with --print-snps, LD Scores for 35326 SNPs will be printed.
Writing LD Scores for 35326 SNPs to ./out_L2_3_IT.NMF11/chr.18.l2.ldscore.gz

Summary of LD Scores in ./out_L2_3_IT.NMF11/chr.18.l2.ldscore.gz
         MAF        L2
mean  0.2356   14.6063
std   0.1434   37.0146
min   0.0051   -2.2095
25%   0.1094    0.0000
50%   0.2249    0.0000
75%   0.3569    6.7886
max   0.5000  393.3465

MAF/LD Score Correlation Matrix
        MAF      L2
MAF  1.0000  0.0461
L2   0.0461  1.0000

Annotation Correlation Matrix
       ANNOT
ANNOT    1.0

Annotation Matrix Column Sums
ANNOT    44277

Summary of Annotation Matrix Row Sums
count    285156.0000
mean          0.1553
std           0.3622
min           0.0000
25%           0.0000
50%           0.0000
75%           0.0000
max           1.0000
Analysis finished at Thu Dec 12 08:51:25 2024
Total time elapsed: 55.95s
*********************************************************************
* LD Score Regression (LDSC)
* Version 1.0.1
* (C) 2014-2019 Brendan Bulik-Sullivan and Hilary Finucane
* Broad Institute of MIT and Harvard / MIT Department of Mathematics
* GNU General Public License v3
*********************************************************************
Call: 
./ldsc.py \
--print-snps /dcs04/lieber/shared/statsgen/LDSC/base/referencefiles/hapmap3_snps/hm.19.snp \
--ld-wind-cm 1.0 \
--out ./out_L2_3_IT.NMF11/chr.19 \
--bfile /dcs04/lieber/shared/statsgen/LDSC/base/referencefiles/1000G_EUR_Phase3_plink/1000G.EUR.QC.19 \
--thin-annot  \
--annot ./out_L2_3_IT.NMF11/chr.19.annot.gz \
--l2  

Beginning analysis at Thu Dec 12 08:51:25 2024
Read list of 232363 SNPs from /dcs04/lieber/shared/statsgen/LDSC/base/referencefiles/1000G_EUR_Phase3_plink/1000G.EUR.QC.19.bim
Read 1 annotations for 232363 SNPs from ./out_L2_3_IT.NMF11/chr.19.annot.gz
Read list of 489 individuals from /dcs04/lieber/shared/statsgen/LDSC/base/referencefiles/1000G_EUR_Phase3_plink/1000G.EUR.QC.19.fam
Reading genotypes from /dcs04/lieber/shared/statsgen/LDSC/base/referencefiles/1000G_EUR_Phase3_plink/1000G.EUR.QC.19.bed
After filtering, 232363 SNPs remain
Estimating LD Score.
Reading list of 26259 SNPs for which to print LD Scores from /dcs04/lieber/shared/statsgen/LDSC/base/referencefiles/hapmap3_snps/hm.19.snp
After merging with --print-snps, LD Scores for 21991 SNPs will be printed.
Writing LD Scores for 21991 SNPs to ./out_L2_3_IT.NMF11/chr.19.l2.ldscore.gz

Summary of LD Scores in ./out_L2_3_IT.NMF11/chr.19.l2.ldscore.gz
         MAF       L2
mean  0.2369   0.9877
std   0.1428   6.4373
min   0.0051  -0.7401
25%   0.1125   0.0000
50%   0.2331   0.0000
75%   0.3569   0.0000
max   0.5000  85.1933

MAF/LD Score Correlation Matrix
        MAF      L2
MAF  1.0000  0.0491
L2   0.0491  1.0000

Annotation Correlation Matrix
       ANNOT
ANNOT    1.0

Annotation Matrix Column Sums
ANNOT    4989

Summary of Annotation Matrix Row Sums
count    232363.0000
mean          0.0215
std           0.1449
min           0.0000
25%           0.0000
50%           0.0000
75%           0.0000
max           1.0000
Analysis finished at Thu Dec 12 08:51:48 2024
Total time elapsed: 22.72s
*********************************************************************
* LD Score Regression (LDSC)
* Version 1.0.1
* (C) 2014-2019 Brendan Bulik-Sullivan and Hilary Finucane
* Broad Institute of MIT and Harvard / MIT Department of Mathematics
* GNU General Public License v3
*********************************************************************
Call: 
./ldsc.py \
--print-snps /dcs04/lieber/shared/statsgen/LDSC/base/referencefiles/hapmap3_snps/hm.20.snp \
--ld-wind-cm 1.0 \
--out ./out_L2_3_IT.NMF11/chr.20 \
--bfile /dcs04/lieber/shared/statsgen/LDSC/base/referencefiles/1000G_EUR_Phase3_plink/1000G.EUR.QC.20 \
--thin-annot  \
--annot ./out_L2_3_IT.NMF11/chr.20.annot.gz \
--l2  

Beginning analysis at Thu Dec 12 08:51:48 2024
Read list of 221626 SNPs from /dcs04/lieber/shared/statsgen/LDSC/base/referencefiles/1000G_EUR_Phase3_plink/1000G.EUR.QC.20.bim
Read 1 annotations for 221626 SNPs from ./out_L2_3_IT.NMF11/chr.20.annot.gz
Read list of 489 individuals from /dcs04/lieber/shared/statsgen/LDSC/base/referencefiles/1000G_EUR_Phase3_plink/1000G.EUR.QC.20.fam
Reading genotypes from /dcs04/lieber/shared/statsgen/LDSC/base/referencefiles/1000G_EUR_Phase3_plink/1000G.EUR.QC.20.bed
After filtering, 221626 SNPs remain
Estimating LD Score.
Reading list of 36301 SNPs for which to print LD Scores from /dcs04/lieber/shared/statsgen/LDSC/base/referencefiles/hapmap3_snps/hm.20.snp
After merging with --print-snps, LD Scores for 31359 SNPs will be printed.
Writing LD Scores for 31359 SNPs to ./out_L2_3_IT.NMF11/chr.20.l2.ldscore.gz

Summary of LD Scores in ./out_L2_3_IT.NMF11/chr.20.l2.ldscore.gz
         MAF        L2
mean  0.2336   12.0377
std   0.1437   29.4507
min   0.0051   -1.9324
25%   0.1063    0.0000
50%   0.2219    0.0000
75%   0.3569    2.7947
max   0.5000  230.1959

MAF/LD Score Correlation Matrix
        MAF      L2
MAF  1.0000  0.0622
L2   0.0622  1.0000

Annotation Correlation Matrix
       ANNOT
ANNOT    1.0

Annotation Matrix Column Sums
ANNOT    34911

Summary of Annotation Matrix Row Sums
count    221626.0000
mean          0.1575
std           0.3643
min           0.0000
25%           0.0000
50%           0.0000
75%           0.0000
max           1.0000
Analysis finished at Thu Dec 12 08:52:22 2024
Total time elapsed: 33.51s
*********************************************************************
* LD Score Regression (LDSC)
* Version 1.0.1
* (C) 2014-2019 Brendan Bulik-Sullivan and Hilary Finucane
* Broad Institute of MIT and Harvard / MIT Department of Mathematics
* GNU General Public License v3
*********************************************************************
Call: 
./ldsc.py \
--print-snps /dcs04/lieber/shared/statsgen/LDSC/base/referencefiles/hapmap3_snps/hm.21.snp \
--ld-wind-cm 1.0 \
--out ./out_L2_3_IT.NMF11/chr.21 \
--bfile /dcs04/lieber/shared/statsgen/LDSC/base/referencefiles/1000G_EUR_Phase3_plink/1000G.EUR.QC.21 \
--thin-annot  \
--annot ./out_L2_3_IT.NMF11/chr.21.annot.gz \
--l2  

Beginning analysis at Thu Dec 12 08:52:22 2024
Read list of 138712 SNPs from /dcs04/lieber/shared/statsgen/LDSC/base/referencefiles/1000G_EUR_Phase3_plink/1000G.EUR.QC.21.bim
Read 1 annotations for 138712 SNPs from ./out_L2_3_IT.NMF11/chr.21.annot.gz
Read list of 489 individuals from /dcs04/lieber/shared/statsgen/LDSC/base/referencefiles/1000G_EUR_Phase3_plink/1000G.EUR.QC.21.fam
Reading genotypes from /dcs04/lieber/shared/statsgen/LDSC/base/referencefiles/1000G_EUR_Phase3_plink/1000G.EUR.QC.21.bed
After filtering, 138712 SNPs remain
Estimating LD Score.
Reading list of 19331 SNPs for which to print LD Scores from /dcs04/lieber/shared/statsgen/LDSC/base/referencefiles/hapmap3_snps/hm.21.snp
After merging with --print-snps, LD Scores for 16993 SNPs will be printed.
Writing LD Scores for 16993 SNPs to ./out_L2_3_IT.NMF11/chr.21.l2.ldscore.gz

Summary of LD Scores in ./out_L2_3_IT.NMF11/chr.21.l2.ldscore.gz
         MAF        L2
mean  0.2398   11.1782
std   0.1429   30.8700
min   0.0051   -1.2173
25%   0.1155    0.0000
50%   0.2290    0.0000
75%   0.3640    0.6005
max   0.5000  283.1549

MAF/LD Score Correlation Matrix
        MAF      L2
MAF  1.0000  0.1034
L2   0.1034  1.0000

Annotation Correlation Matrix
       ANNOT
ANNOT    1.0

Annotation Matrix Column Sums
ANNOT    17148

Summary of Annotation Matrix Row Sums
count    138712.0000
mean          0.1236
std           0.3292
min           0.0000
25%           0.0000
50%           0.0000
75%           0.0000
max           1.0000
Analysis finished at Thu Dec 12 08:52:38 2024
Total time elapsed: 15.54s
*********************************************************************
* LD Score Regression (LDSC)
* Version 1.0.1
* (C) 2014-2019 Brendan Bulik-Sullivan and Hilary Finucane
* Broad Institute of MIT and Harvard / MIT Department of Mathematics
* GNU General Public License v3
*********************************************************************
Call: 
./ldsc.py \
--print-snps /dcs04/lieber/shared/statsgen/LDSC/base/referencefiles/hapmap3_snps/hm.22.snp \
--ld-wind-cm 1.0 \
--out ./out_L2_3_IT.NMF11/chr.22 \
--bfile /dcs04/lieber/shared/statsgen/LDSC/base/referencefiles/1000G_EUR_Phase3_plink/1000G.EUR.QC.22 \
--thin-annot  \
--annot ./out_L2_3_IT.NMF11/chr.22.annot.gz \
--l2  

Beginning analysis at Thu Dec 12 08:52:38 2024
Read list of 141123 SNPs from /dcs04/lieber/shared/statsgen/LDSC/base/referencefiles/1000G_EUR_Phase3_plink/1000G.EUR.QC.22.bim
Read 1 annotations for 141123 SNPs from ./out_L2_3_IT.NMF11/chr.22.annot.gz
Read list of 489 individuals from /dcs04/lieber/shared/statsgen/LDSC/base/referencefiles/1000G_EUR_Phase3_plink/1000G.EUR.QC.22.fam
Reading genotypes from /dcs04/lieber/shared/statsgen/LDSC/base/referencefiles/1000G_EUR_Phase3_plink/1000G.EUR.QC.22.bed
After filtering, 141123 SNPs remain
Estimating LD Score.
Reading list of 20106 SNPs for which to print LD Scores from /dcs04/lieber/shared/statsgen/LDSC/base/referencefiles/hapmap3_snps/hm.22.snp
After merging with --print-snps, LD Scores for 17261 SNPs will be printed.
Writing LD Scores for 17261 SNPs to ./out_L2_3_IT.NMF11/chr.22.l2.ldscore.gz

Summary of LD Scores in ./out_L2_3_IT.NMF11/chr.22.l2.ldscore.gz
         MAF        L2
mean  0.2359    6.5366
std   0.1442   28.8197
min   0.0051   -1.3184
25%   0.1084    0.0000
50%   0.2280    0.0000
75%   0.3579    0.0000
max   0.5000  336.1070

MAF/LD Score Correlation Matrix
        MAF      L2
MAF  1.0000  0.0747
L2   0.0747  1.0000

Annotation Correlation Matrix
       ANNOT
ANNOT    1.0

Annotation Matrix Column Sums
ANNOT    9667

Summary of Annotation Matrix Row Sums
count    141123.0000
mean          0.0685
std           0.2526
min           0.0000
25%           0.0000
50%           0.0000
75%           0.0000
max           1.0000
Analysis finished at Thu Dec 12 08:52:52 2024
Total time elapsed: 14.07s
*********************************************************************
* LD Score Regression (LDSC)
* Version 1.0.1
* (C) 2014-2019 Brendan Bulik-Sullivan and Hilary Finucane
* Broad Institute of MIT and Harvard / MIT Department of Mathematics
* GNU General Public License v3
*********************************************************************
Call: 
./ldsc.py \
--print-snps /dcs04/lieber/shared/statsgen/LDSC/base/referencefiles/hapmap3_snps/hm.1.snp \
--ld-wind-cm 1.0 \
--out ./out_L5_IT.NMF38/chr.1 \
--bfile /dcs04/lieber/shared/statsgen/LDSC/base/referencefiles/1000G_EUR_Phase3_plink/1000G.EUR.QC.1 \
--thin-annot  \
--annot ./out_L5_IT.NMF38/chr.1.annot.gz \
--l2  

Beginning analysis at Thu Dec 12 08:52:53 2024
Read list of 779354 SNPs from /dcs04/lieber/shared/statsgen/LDSC/base/referencefiles/1000G_EUR_Phase3_plink/1000G.EUR.QC.1.bim
Read 1 annotations for 779354 SNPs from ./out_L5_IT.NMF38/chr.1.annot.gz
Read list of 489 individuals from /dcs04/lieber/shared/statsgen/LDSC/base/referencefiles/1000G_EUR_Phase3_plink/1000G.EUR.QC.1.fam
Reading genotypes from /dcs04/lieber/shared/statsgen/LDSC/base/referencefiles/1000G_EUR_Phase3_plink/1000G.EUR.QC.1.bed
After filtering, 779354 SNPs remain
Estimating LD Score.
Reading list of 116564 SNPs for which to print LD Scores from /dcs04/lieber/shared/statsgen/LDSC/base/referencefiles/hapmap3_snps/hm.1.snp
After merging with --print-snps, LD Scores for 98690 SNPs will be printed.
Writing LD Scores for 98690 SNPs to ./out_L5_IT.NMF38/chr.1.l2.ldscore.gz

Summary of LD Scores in ./out_L5_IT.NMF38/chr.1.l2.ldscore.gz
         MAF        L2
mean  0.2329   19.5113
std   0.1442   47.6230
min   0.0051   -3.4741
25%   0.1056    0.0000
50%   0.2219    0.0715
75%   0.3548   10.7238
max   0.5000  602.3722

MAF/LD Score Correlation Matrix
        MAF      L2
MAF  1.0000  0.0638
L2   0.0638  1.0000

Annotation Correlation Matrix
       ANNOT
ANNOT    1.0

Annotation Matrix Column Sums
ANNOT    132501

Summary of Annotation Matrix Row Sums
count    779354.0000
mean          0.1700
std           0.3756
min           0.0000
25%           0.0000
50%           0.0000
75%           0.0000
max           1.0000
Analysis finished at Thu Dec 12 08:55:22 2024
Total time elapsed: 2.0m:29.24s
*********************************************************************
* LD Score Regression (LDSC)
* Version 1.0.1
* (C) 2014-2019 Brendan Bulik-Sullivan and Hilary Finucane
* Broad Institute of MIT and Harvard / MIT Department of Mathematics
* GNU General Public License v3
*********************************************************************
Call: 
./ldsc.py \
--print-snps /dcs04/lieber/shared/statsgen/LDSC/base/referencefiles/hapmap3_snps/hm.2.snp \
--ld-wind-cm 1.0 \
--out ./out_L5_IT.NMF38/chr.2 \
--bfile /dcs04/lieber/shared/statsgen/LDSC/base/referencefiles/1000G_EUR_Phase3_plink/1000G.EUR.QC.2 \
--thin-annot  \
--annot ./out_L5_IT.NMF38/chr.2.annot.gz \
--l2  

Beginning analysis at Thu Dec 12 08:55:22 2024
Read list of 839590 SNPs from /dcs04/lieber/shared/statsgen/LDSC/base/referencefiles/1000G_EUR_Phase3_plink/1000G.EUR.QC.2.bim
Read 1 annotations for 839590 SNPs from ./out_L5_IT.NMF38/chr.2.annot.gz
Read list of 489 individuals from /dcs04/lieber/shared/statsgen/LDSC/base/referencefiles/1000G_EUR_Phase3_plink/1000G.EUR.QC.2.fam
Reading genotypes from /dcs04/lieber/shared/statsgen/LDSC/base/referencefiles/1000G_EUR_Phase3_plink/1000G.EUR.QC.2.bed
After filtering, 839590 SNPs remain
Estimating LD Score.
Reading list of 116575 SNPs for which to print LD Scores from /dcs04/lieber/shared/statsgen/LDSC/base/referencefiles/hapmap3_snps/hm.2.snp
After merging with --print-snps, LD Scores for 100038 SNPs will be printed.
Writing LD Scores for 100038 SNPs to ./out_L5_IT.NMF38/chr.2.l2.ldscore.gz

Summary of LD Scores in ./out_L5_IT.NMF38/chr.2.l2.ldscore.gz
         MAF        L2
mean  0.2371   22.7649
std   0.1439   48.9746
min   0.0051   -2.6233
25%   0.1115    0.0000
50%   0.2280    0.5320
75%   0.3609   16.9734
max   0.5000  421.1286

MAF/LD Score Correlation Matrix
        MAF      L2
MAF  1.0000  0.0378
L2   0.0378  1.0000

Annotation Correlation Matrix
       ANNOT
ANNOT    1.0

Annotation Matrix Column Sums
ANNOT    147634

Summary of Annotation Matrix Row Sums
count    839590.0000
mean          0.1758
std           0.3807
min           0.0000
25%           0.0000
50%           0.0000
75%           0.0000
max           1.0000
Analysis finished at Thu Dec 12 08:58:34 2024
Total time elapsed: 3.0m:11.12s
*********************************************************************
* LD Score Regression (LDSC)
* Version 1.0.1
* (C) 2014-2019 Brendan Bulik-Sullivan and Hilary Finucane
* Broad Institute of MIT and Harvard / MIT Department of Mathematics
* GNU General Public License v3
*********************************************************************
Call: 
./ldsc.py \
--print-snps /dcs04/lieber/shared/statsgen/LDSC/base/referencefiles/hapmap3_snps/hm.3.snp \
--ld-wind-cm 1.0 \
--out ./out_L5_IT.NMF38/chr.3 \
--bfile /dcs04/lieber/shared/statsgen/LDSC/base/referencefiles/1000G_EUR_Phase3_plink/1000G.EUR.QC.3 \
--thin-annot  \
--annot ./out_L5_IT.NMF38/chr.3.annot.gz \
--l2  

Beginning analysis at Thu Dec 12 08:58:34 2024
Read list of 706350 SNPs from /dcs04/lieber/shared/statsgen/LDSC/base/referencefiles/1000G_EUR_Phase3_plink/1000G.EUR.QC.3.bim
Read 1 annotations for 706350 SNPs from ./out_L5_IT.NMF38/chr.3.annot.gz
Read list of 489 individuals from /dcs04/lieber/shared/statsgen/LDSC/base/referencefiles/1000G_EUR_Phase3_plink/1000G.EUR.QC.3.fam
Reading genotypes from /dcs04/lieber/shared/statsgen/LDSC/base/referencefiles/1000G_EUR_Phase3_plink/1000G.EUR.QC.3.bed
After filtering, 706350 SNPs remain
Estimating LD Score.
Reading list of 96664 SNPs for which to print LD Scores from /dcs04/lieber/shared/statsgen/LDSC/base/referencefiles/hapmap3_snps/hm.3.snp
After merging with --print-snps, LD Scores for 83286 SNPs will be printed.
Writing LD Scores for 83286 SNPs to ./out_L5_IT.NMF38/chr.3.l2.ldscore.gz

Summary of LD Scores in ./out_L5_IT.NMF38/chr.3.l2.ldscore.gz
         MAF        L2
mean  0.2395   28.9353
std   0.1436   63.3447
min   0.0051   -3.2091
25%   0.1145    0.0000
50%   0.2311    1.8001
75%   0.3630   33.8191
max   0.5000  789.7895

MAF/LD Score Correlation Matrix
       MAF     L2
MAF  1.000  0.032
L2   0.032  1.000

Annotation Correlation Matrix
       ANNOT
ANNOT    1.0

Annotation Matrix Column Sums
ANNOT    164092

Summary of Annotation Matrix Row Sums
count    706350.0000
mean          0.2323
std           0.4223
min           0.0000
25%           0.0000
50%           0.0000
75%           0.0000
max           1.0000
Analysis finished at Thu Dec 12 09:01:41 2024
Total time elapsed: 3.0m:7.4s
*********************************************************************
* LD Score Regression (LDSC)
* Version 1.0.1
* (C) 2014-2019 Brendan Bulik-Sullivan and Hilary Finucane
* Broad Institute of MIT and Harvard / MIT Department of Mathematics
* GNU General Public License v3
*********************************************************************
Call: 
./ldsc.py \
--print-snps /dcs04/lieber/shared/statsgen/LDSC/base/referencefiles/hapmap3_snps/hm.4.snp \
--ld-wind-cm 1.0 \
--out ./out_L5_IT.NMF38/chr.4 \
--bfile /dcs04/lieber/shared/statsgen/LDSC/base/referencefiles/1000G_EUR_Phase3_plink/1000G.EUR.QC.4 \
--thin-annot  \
--annot ./out_L5_IT.NMF38/chr.4.annot.gz \
--l2  

Beginning analysis at Thu Dec 12 09:01:42 2024
Read list of 729645 SNPs from /dcs04/lieber/shared/statsgen/LDSC/base/referencefiles/1000G_EUR_Phase3_plink/1000G.EUR.QC.4.bim
Read 1 annotations for 729645 SNPs from ./out_L5_IT.NMF38/chr.4.annot.gz
Read list of 489 individuals from /dcs04/lieber/shared/statsgen/LDSC/base/referencefiles/1000G_EUR_Phase3_plink/1000G.EUR.QC.4.fam
Reading genotypes from /dcs04/lieber/shared/statsgen/LDSC/base/referencefiles/1000G_EUR_Phase3_plink/1000G.EUR.QC.4.bed
After filtering, 729645 SNPs remain
Estimating LD Score.
Reading list of 85881 SNPs for which to print LD Scores from /dcs04/lieber/shared/statsgen/LDSC/base/referencefiles/hapmap3_snps/hm.4.snp
After merging with --print-snps, LD Scores for 74259 SNPs will be printed.
Writing LD Scores for 74259 SNPs to ./out_L5_IT.NMF38/chr.4.l2.ldscore.gz

Summary of LD Scores in ./out_L5_IT.NMF38/chr.4.l2.ldscore.gz
         MAF        L2
mean  0.2367   17.9475
std   0.1431   43.8581
min   0.0051   -3.0245
25%   0.1115    0.0000
50%   0.2301    0.0000
75%   0.3579    6.0629
max   0.5000  445.7485

MAF/LD Score Correlation Matrix
        MAF      L2
MAF  1.0000  0.0513
L2   0.0513  1.0000

Annotation Correlation Matrix
       ANNOT
ANNOT    1.0

Annotation Matrix Column Sums
ANNOT    107653

Summary of Annotation Matrix Row Sums
count    729645.0000
mean          0.1475
std           0.3546
min           0.0000
25%           0.0000
50%           0.0000
75%           0.0000
max           1.0000
Analysis finished at Thu Dec 12 09:04:10 2024
Total time elapsed: 2.0m:28.37s
*********************************************************************
* LD Score Regression (LDSC)
* Version 1.0.1
* (C) 2014-2019 Brendan Bulik-Sullivan and Hilary Finucane
* Broad Institute of MIT and Harvard / MIT Department of Mathematics
* GNU General Public License v3
*********************************************************************
Call: 
./ldsc.py \
--print-snps /dcs04/lieber/shared/statsgen/LDSC/base/referencefiles/hapmap3_snps/hm.5.snp \
--ld-wind-cm 1.0 \
--out ./out_L5_IT.NMF38/chr.5 \
--bfile /dcs04/lieber/shared/statsgen/LDSC/base/referencefiles/1000G_EUR_Phase3_plink/1000G.EUR.QC.5 \
--thin-annot  \
--annot ./out_L5_IT.NMF38/chr.5.annot.gz \
--l2  

Beginning analysis at Thu Dec 12 09:04:10 2024
Read list of 633015 SNPs from /dcs04/lieber/shared/statsgen/LDSC/base/referencefiles/1000G_EUR_Phase3_plink/1000G.EUR.QC.5.bim
Read 1 annotations for 633015 SNPs from ./out_L5_IT.NMF38/chr.5.annot.gz
Read list of 489 individuals from /dcs04/lieber/shared/statsgen/LDSC/base/referencefiles/1000G_EUR_Phase3_plink/1000G.EUR.QC.5.fam
Reading genotypes from /dcs04/lieber/shared/statsgen/LDSC/base/referencefiles/1000G_EUR_Phase3_plink/1000G.EUR.QC.5.bed
After filtering, 633015 SNPs remain
Estimating LD Score.
Reading list of 88059 SNPs for which to print LD Scores from /dcs04/lieber/shared/statsgen/LDSC/base/referencefiles/hapmap3_snps/hm.5.snp
After merging with --print-snps, LD Scores for 74950 SNPs will be printed.
Writing LD Scores for 74950 SNPs to ./out_L5_IT.NMF38/chr.5.l2.ldscore.gz

Summary of LD Scores in ./out_L5_IT.NMF38/chr.5.l2.ldscore.gz
         MAF        L2
mean  0.2353   17.4402
std   0.1428   41.9924
min   0.0051   -2.2742
25%   0.1104    0.0000
50%   0.2260    0.0000
75%   0.3558    8.4838
max   0.5000  389.0697

MAF/LD Score Correlation Matrix
        MAF      L2
MAF  1.0000  0.0483
L2   0.0483  1.0000

Annotation Correlation Matrix
       ANNOT
ANNOT    1.0

Annotation Matrix Column Sums
ANNOT    90874

Summary of Annotation Matrix Row Sums
count    633015.0000
mean          0.1436
std           0.3506
min           0.0000
25%           0.0000
50%           0.0000
75%           0.0000
max           1.0000
Analysis finished at Thu Dec 12 09:06:37 2024
Total time elapsed: 2.0m:26.12s
*********************************************************************
* LD Score Regression (LDSC)
* Version 1.0.1
* (C) 2014-2019 Brendan Bulik-Sullivan and Hilary Finucane
* Broad Institute of MIT and Harvard / MIT Department of Mathematics
* GNU General Public License v3
*********************************************************************
Call: 
./ldsc.py \
--print-snps /dcs04/lieber/shared/statsgen/LDSC/base/referencefiles/hapmap3_snps/hm.6.snp \
--ld-wind-cm 1.0 \
--out ./out_L5_IT.NMF38/chr.6 \
--bfile /dcs04/lieber/shared/statsgen/LDSC/base/referencefiles/1000G_EUR_Phase3_plink/1000G.EUR.QC.6 \
--thin-annot  \
--annot ./out_L5_IT.NMF38/chr.6.annot.gz \
--l2  

Beginning analysis at Thu Dec 12 09:06:37 2024
Read list of 664016 SNPs from /dcs04/lieber/shared/statsgen/LDSC/base/referencefiles/1000G_EUR_Phase3_plink/1000G.EUR.QC.6.bim
Read 1 annotations for 664016 SNPs from ./out_L5_IT.NMF38/chr.6.annot.gz
Read list of 489 individuals from /dcs04/lieber/shared/statsgen/LDSC/base/referencefiles/1000G_EUR_Phase3_plink/1000G.EUR.QC.6.fam
Reading genotypes from /dcs04/lieber/shared/statsgen/LDSC/base/referencefiles/1000G_EUR_Phase3_plink/1000G.EUR.QC.6.bed
After filtering, 664016 SNPs remain
Estimating LD Score.
Reading list of 91491 SNPs for which to print LD Scores from /dcs04/lieber/shared/statsgen/LDSC/base/referencefiles/hapmap3_snps/hm.6.snp
After merging with --print-snps, LD Scores for 80218 SNPs will be printed.
Writing LD Scores for 80218 SNPs to ./out_L5_IT.NMF38/chr.6.l2.ldscore.gz

Summary of LD Scores in ./out_L5_IT.NMF38/chr.6.l2.ldscore.gz
         MAF        L2
mean  0.2331   16.2406
std   0.1441   40.8579
min   0.0051   -2.4395
25%   0.1074    0.0000
50%   0.2219    0.0000
75%   0.3558    6.2280
max   0.5000  452.5355

MAF/LD Score Correlation Matrix
        MAF      L2
MAF  1.0000  0.0574
L2   0.0574  1.0000

Annotation Correlation Matrix
       ANNOT
ANNOT    1.0

Annotation Matrix Column Sums
ANNOT    95767

Summary of Annotation Matrix Row Sums
count    664016.0000
mean          0.1442
std           0.3513
min           0.0000
25%           0.0000
50%           0.0000
75%           0.0000
max           1.0000
Analysis finished at Thu Dec 12 09:09:29 2024
Total time elapsed: 2.0m:52.04s
**** Job ends ****
Thu Dec 12 09:09:29 AM EST 2024
