*********************************************************************
* LD Score Regression (LDSC)
* Version 1.0.1
* (C) 2014-2019 Brendan Bulik-Sullivan and Hilary Finucane
* Broad Institute of MIT and Harvard / MIT Department of Mathematics
* GNU General Public License v3
*********************************************************************
Call: 
./ldsc.py \
--print-snps /dcs04/lieber/shared/statsgen/LDSC/base/referencefiles/hapmap3_snps/hm.9.snp \
--ld-wind-cm 1.0 \
--out ./out_Oligo.NMF26/chr.9 \
--bfile /dcs04/lieber/shared/statsgen/LDSC/base/referencefiles/1000G_EUR_Phase3_plink/1000G.EUR.QC.9 \
--thin-annot  \
--annot ./out_Oligo.NMF26/chr.9.annot.gz \
--l2  

Beginning analysis at Wed Dec 11 17:40:12 2024
Read list of 438106 SNPs from /dcs04/lieber/shared/statsgen/LDSC/base/referencefiles/1000G_EUR_Phase3_plink/1000G.EUR.QC.9.bim
Read 1 annotations for 438106 SNPs from ./out_Oligo.NMF26/chr.9.annot.gz
Read list of 489 individuals from /dcs04/lieber/shared/statsgen/LDSC/base/referencefiles/1000G_EUR_Phase3_plink/1000G.EUR.QC.9.fam
Reading genotypes from /dcs04/lieber/shared/statsgen/LDSC/base/referencefiles/1000G_EUR_Phase3_plink/1000G.EUR.QC.9.bed
Estimating LD Score.
Reading list of 63706 SNPs for which to print LD Scores from /dcs04/lieber/shared/statsgen/LDSC/base/referencefiles/hapmap3_snps/hm.9.snp
After merging with --print-snps, LD Scores for 55885 SNPs will be printed.
Writing LD Scores for 55885 SNPs to ./out_Oligo.NMF26/chr.9.l2.ldscore.gz

Summary of LD Scores in ./out_Oligo.NMF26/chr.9.l2.ldscore.gz
         MAF        L2
mean  0.2343    0.7633
std   0.1436    7.9304
min   0.0051   -1.1176
25%   0.1084    0.0000
50%   0.2239    0.0000
75%   0.3558    0.0000
max   0.5000  197.1161

MAF/LD Score Correlation Matrix
       MAF     L2
MAF  1.000 -0.019
L2  -0.019  1.000

Annotation Correlation Matrix
       ANNOT
ANNOT    1.0

Annotation Matrix Column Sums
ANNOT    3534

Summary of Annotation Matrix Row Sums
count    438106.0000
mean          0.0081
std           0.0895
min           0.0000
25%           0.0000
50%           0.0000
75%           0.0000
max           1.0000
Analysis finished at Wed Dec 11 17:41:30 2024
Total time elapsed: 1.0m:18.05s
