*********************************************************************
* LD Score Regression (LDSC)
* Version 1.0.1
* (C) 2014-2019 Brendan Bulik-Sullivan and Hilary Finucane
* Broad Institute of MIT and Harvard / MIT Department of Mathematics
* GNU General Public License v3
*********************************************************************
Call: 
./ldsc.py \
--print-snps /dcs04/lieber/shared/statsgen/LDSC/base/referencefiles/hapmap3_snps/hm.3.snp \
--ld-wind-cm 1.0 \
--out ./out_misc.NMF64/chr.3 \
--bfile /dcs04/lieber/shared/statsgen/LDSC/base/referencefiles/1000G_EUR_Phase3_plink/1000G.EUR.QC.3 \
--thin-annot  \
--annot ./out_misc.NMF64/chr.3.annot.gz \
--l2  

Beginning analysis at Wed Dec 11 17:28:24 2024
Read list of 706350 SNPs from /dcs04/lieber/shared/statsgen/LDSC/base/referencefiles/1000G_EUR_Phase3_plink/1000G.EUR.QC.3.bim
Read 1 annotations for 706350 SNPs from ./out_misc.NMF64/chr.3.annot.gz
Read list of 489 individuals from /dcs04/lieber/shared/statsgen/LDSC/base/referencefiles/1000G_EUR_Phase3_plink/1000G.EUR.QC.3.fam
Reading genotypes from /dcs04/lieber/shared/statsgen/LDSC/base/referencefiles/1000G_EUR_Phase3_plink/1000G.EUR.QC.3.bed
Estimating LD Score.
Reading list of 96664 SNPs for which to print LD Scores from /dcs04/lieber/shared/statsgen/LDSC/base/referencefiles/hapmap3_snps/hm.3.snp
After merging with --print-snps, LD Scores for 83286 SNPs will be printed.
Writing LD Scores for 83286 SNPs to ./out_misc.NMF64/chr.3.l2.ldscore.gz

Summary of LD Scores in ./out_misc.NMF64/chr.3.l2.ldscore.gz
         MAF        L2
mean  0.2395    5.0980
std   0.1436   22.9913
min   0.0051   -1.5118
25%   0.1145    0.0000
50%   0.2311    0.0000
75%   0.3630    0.0000
max   0.5000  331.7726

MAF/LD Score Correlation Matrix
        MAF      L2
MAF  1.0000  0.0324
L2   0.0324  1.0000

Annotation Correlation Matrix
       ANNOT
ANNOT    1.0

Annotation Matrix Column Sums
ANNOT    26704

Summary of Annotation Matrix Row Sums
count    706350.0000
mean          0.0378
std           0.1907
min           0.0000
25%           0.0000
50%           0.0000
75%           0.0000
max           1.0000
Analysis finished at Wed Dec 11 17:30:40 2024
Total time elapsed: 2.0m:16.52s
