**** Job starts ****
Fri Aug  2 03:53:59 PM EDT 2024
*********************************************************************
* LD Score Regression (LDSC)
* Version 1.0.1
* (C) 2014-2019 Brendan Bulik-Sullivan and Hilary Finucane
* Broad Institute of MIT and Harvard / MIT Department of Mathematics
* GNU General Public License v3
*********************************************************************
Call: 
./ldsc.py \
--print-snps /dcs04/lieber/shared/statsgen/LDSC/base/referencefiles/hapmap3_snps/hm.19.snp \
--ld-wind-cm 1.0 \
--out ./out_nmf28/chr.19 \
--bfile /dcs04/lieber/shared/statsgen/LDSC/base/referencefiles/1000G_EUR_Phase3_plink/1000G.EUR.QC.19 \
--thin-annot  \
--annot ./out_nmf28/chr.19.annot.gz \
--l2  

Beginning analysis at Fri Aug  2 15:54:01 2024
Read list of 232363 SNPs from /dcs04/lieber/shared/statsgen/LDSC/base/referencefiles/1000G_EUR_Phase3_plink/1000G.EUR.QC.19.bim
Read 1 annotations for 232363 SNPs from ./out_nmf28/chr.19.annot.gz
Read list of 489 individuals from /dcs04/lieber/shared/statsgen/LDSC/base/referencefiles/1000G_EUR_Phase3_plink/1000G.EUR.QC.19.fam
Reading genotypes from /dcs04/lieber/shared/statsgen/LDSC/base/referencefiles/1000G_EUR_Phase3_plink/1000G.EUR.QC.19.bed
After filtering, 232363 SNPs remain
Estimating LD Score.
Reading list of 26259 SNPs for which to print LD Scores from /dcs04/lieber/shared/statsgen/LDSC/base/referencefiles/hapmap3_snps/hm.19.snp
After merging with --print-snps, LD Scores for 21991 SNPs will be printed.
Writing LD Scores for 21991 SNPs to ./out_nmf28/chr.19.l2.ldscore.gz

Summary of LD Scores in ./out_nmf28/chr.19.l2.ldscore.gz
         MAF        L2
mean  0.2369   15.2433
std   0.1428   28.3474
min   0.0051   -1.3253
25%   0.1125    0.0000
50%   0.2331    1.1935
75%   0.3569   16.8910
max   0.5000  197.9246

MAF/LD Score Correlation Matrix
        MAF      L2
MAF  1.0000  0.0732
L2   0.0732  1.0000

Annotation Correlation Matrix
       ANNOT
ANNOT    1.0

Annotation Matrix Column Sums
ANNOT    47567

Summary of Annotation Matrix Row Sums
count    232363.0000
mean          0.2047
std           0.4035
min           0.0000
25%           0.0000
50%           0.0000
75%           0.0000
max           1.0000
Analysis finished at Fri Aug  2 15:55:10 2024
Total time elapsed: 1.0m:9.44s
*********************************************************************
* LD Score Regression (LDSC)
* Version 1.0.1
* (C) 2014-2019 Brendan Bulik-Sullivan and Hilary Finucane
* Broad Institute of MIT and Harvard / MIT Department of Mathematics
* GNU General Public License v3
*********************************************************************
Call: 
./ldsc.py \
--print-snps /dcs04/lieber/shared/statsgen/LDSC/base/referencefiles/hapmap3_snps/hm.20.snp \
--ld-wind-cm 1.0 \
--out ./out_nmf28/chr.20 \
--bfile /dcs04/lieber/shared/statsgen/LDSC/base/referencefiles/1000G_EUR_Phase3_plink/1000G.EUR.QC.20 \
--thin-annot  \
--annot ./out_nmf28/chr.20.annot.gz \
--l2  

Beginning analysis at Fri Aug  2 15:55:11 2024
Read list of 221626 SNPs from /dcs04/lieber/shared/statsgen/LDSC/base/referencefiles/1000G_EUR_Phase3_plink/1000G.EUR.QC.20.bim
Read 1 annotations for 221626 SNPs from ./out_nmf28/chr.20.annot.gz
Read list of 489 individuals from /dcs04/lieber/shared/statsgen/LDSC/base/referencefiles/1000G_EUR_Phase3_plink/1000G.EUR.QC.20.fam
Reading genotypes from /dcs04/lieber/shared/statsgen/LDSC/base/referencefiles/1000G_EUR_Phase3_plink/1000G.EUR.QC.20.bed
After filtering, 221626 SNPs remain
Estimating LD Score.
Reading list of 36301 SNPs for which to print LD Scores from /dcs04/lieber/shared/statsgen/LDSC/base/referencefiles/hapmap3_snps/hm.20.snp
After merging with --print-snps, LD Scores for 31359 SNPs will be printed.
Writing LD Scores for 31359 SNPs to ./out_nmf28/chr.20.l2.ldscore.gz

Summary of LD Scores in ./out_nmf28/chr.20.l2.ldscore.gz
         MAF        L2
mean  0.2336   15.5363
std   0.1437   36.7140
min   0.0051   -1.2762
25%   0.1063    0.0000
50%   0.2219    0.0000
75%   0.3569    8.5469
max   0.5000  285.9413

MAF/LD Score Correlation Matrix
        MAF      L2
MAF  1.0000  0.1052
L2   0.1052  1.0000

Annotation Correlation Matrix
       ANNOT
ANNOT    1.0

Annotation Matrix Column Sums
ANNOT    35584

Summary of Annotation Matrix Row Sums
count    221626.0000
mean          0.1606
std           0.3671
min           0.0000
25%           0.0000
50%           0.0000
75%           0.0000
max           1.0000
Analysis finished at Fri Aug  2 15:56:15 2024
Total time elapsed: 1.0m:4.36s
*********************************************************************
* LD Score Regression (LDSC)
* Version 1.0.1
* (C) 2014-2019 Brendan Bulik-Sullivan and Hilary Finucane
* Broad Institute of MIT and Harvard / MIT Department of Mathematics
* GNU General Public License v3
*********************************************************************
Call: 
./ldsc.py \
--print-snps /dcs04/lieber/shared/statsgen/LDSC/base/referencefiles/hapmap3_snps/hm.21.snp \
--ld-wind-cm 1.0 \
--out ./out_nmf28/chr.21 \
--bfile /dcs04/lieber/shared/statsgen/LDSC/base/referencefiles/1000G_EUR_Phase3_plink/1000G.EUR.QC.21 \
--thin-annot  \
--annot ./out_nmf28/chr.21.annot.gz \
--l2  

Beginning analysis at Fri Aug  2 15:56:15 2024
Read list of 138712 SNPs from /dcs04/lieber/shared/statsgen/LDSC/base/referencefiles/1000G_EUR_Phase3_plink/1000G.EUR.QC.21.bim
Read 1 annotations for 138712 SNPs from ./out_nmf28/chr.21.annot.gz
Read list of 489 individuals from /dcs04/lieber/shared/statsgen/LDSC/base/referencefiles/1000G_EUR_Phase3_plink/1000G.EUR.QC.21.fam
Reading genotypes from /dcs04/lieber/shared/statsgen/LDSC/base/referencefiles/1000G_EUR_Phase3_plink/1000G.EUR.QC.21.bed
After filtering, 138712 SNPs remain
Estimating LD Score.
Reading list of 19331 SNPs for which to print LD Scores from /dcs04/lieber/shared/statsgen/LDSC/base/referencefiles/hapmap3_snps/hm.21.snp
After merging with --print-snps, LD Scores for 16993 SNPs will be printed.
Writing LD Scores for 16993 SNPs to ./out_nmf28/chr.21.l2.ldscore.gz

Summary of LD Scores in ./out_nmf28/chr.21.l2.ldscore.gz
         MAF        L2
mean  0.2398   12.8431
std   0.1429   29.9132
min   0.0051   -1.5798
25%   0.1155    0.0000
50%   0.2290    0.0000
75%   0.3640    4.1611
max   0.5000  222.8998

MAF/LD Score Correlation Matrix
        MAF      L2
MAF  1.0000  0.0619
L2   0.0619  1.0000

Annotation Correlation Matrix
       ANNOT
ANNOT    1.0

Annotation Matrix Column Sums
ANNOT    18064

Summary of Annotation Matrix Row Sums
count    138712.0000
mean          0.1302
std           0.3366
min           0.0000
25%           0.0000
50%           0.0000
75%           0.0000
max           1.0000
Analysis finished at Fri Aug  2 15:56:48 2024
Total time elapsed: 32.64s
*********************************************************************
* LD Score Regression (LDSC)
* Version 1.0.1
* (C) 2014-2019 Brendan Bulik-Sullivan and Hilary Finucane
* Broad Institute of MIT and Harvard / MIT Department of Mathematics
* GNU General Public License v3
*********************************************************************
Call: 
./ldsc.py \
--print-snps /dcs04/lieber/shared/statsgen/LDSC/base/referencefiles/hapmap3_snps/hm.22.snp \
--ld-wind-cm 1.0 \
--out ./out_nmf28/chr.22 \
--bfile /dcs04/lieber/shared/statsgen/LDSC/base/referencefiles/1000G_EUR_Phase3_plink/1000G.EUR.QC.22 \
--thin-annot  \
--annot ./out_nmf28/chr.22.annot.gz \
--l2  

Beginning analysis at Fri Aug  2 15:56:48 2024
Read list of 141123 SNPs from /dcs04/lieber/shared/statsgen/LDSC/base/referencefiles/1000G_EUR_Phase3_plink/1000G.EUR.QC.22.bim
Read 1 annotations for 141123 SNPs from ./out_nmf28/chr.22.annot.gz
Read list of 489 individuals from /dcs04/lieber/shared/statsgen/LDSC/base/referencefiles/1000G_EUR_Phase3_plink/1000G.EUR.QC.22.fam
Reading genotypes from /dcs04/lieber/shared/statsgen/LDSC/base/referencefiles/1000G_EUR_Phase3_plink/1000G.EUR.QC.22.bed
After filtering, 141123 SNPs remain
Estimating LD Score.
Reading list of 20106 SNPs for which to print LD Scores from /dcs04/lieber/shared/statsgen/LDSC/base/referencefiles/hapmap3_snps/hm.22.snp
After merging with --print-snps, LD Scores for 17261 SNPs will be printed.
Writing LD Scores for 17261 SNPs to ./out_nmf28/chr.22.l2.ldscore.gz

Summary of LD Scores in ./out_nmf28/chr.22.l2.ldscore.gz
         MAF        L2
mean  0.2359   15.5102
std   0.1442   31.7223
min   0.0051   -1.3184
25%   0.1084    0.0000
50%   0.2280    0.2729
75%   0.3579   14.9552
max   0.5000  254.6983

MAF/LD Score Correlation Matrix
        MAF      L2
MAF  1.0000  0.0771
L2   0.0771  1.0000

Annotation Correlation Matrix
       ANNOT
ANNOT    1.0

Annotation Matrix Column Sums
ANNOT    27082

Summary of Annotation Matrix Row Sums
count    141123.0000
mean          0.1919
std           0.3938
min           0.0000
25%           0.0000
50%           0.0000
75%           0.0000
max           1.0000
Analysis finished at Fri Aug  2 15:57:28 2024
Total time elapsed: 40.13s
*********************************************************************
* LD Score Regression (LDSC)
* Version 1.0.1
* (C) 2014-2019 Brendan Bulik-Sullivan and Hilary Finucane
* Broad Institute of MIT and Harvard / MIT Department of Mathematics
* GNU General Public License v3
*********************************************************************
Call: 
./ldsc.py \
--print-snps /dcs04/lieber/shared/statsgen/LDSC/base/referencefiles/hapmap3_snps/hm.1.snp \
--ld-wind-cm 1.0 \
--out ./out_nmf22/chr.1 \
--bfile /dcs04/lieber/shared/statsgen/LDSC/base/referencefiles/1000G_EUR_Phase3_plink/1000G.EUR.QC.1 \
--thin-annot  \
--annot ./out_nmf22/chr.1.annot.gz \
--l2  

Beginning analysis at Fri Aug  2 15:57:29 2024
Read list of 779354 SNPs from /dcs04/lieber/shared/statsgen/LDSC/base/referencefiles/1000G_EUR_Phase3_plink/1000G.EUR.QC.1.bim
Read 1 annotations for 779354 SNPs from ./out_nmf22/chr.1.annot.gz
Read list of 489 individuals from /dcs04/lieber/shared/statsgen/LDSC/base/referencefiles/1000G_EUR_Phase3_plink/1000G.EUR.QC.1.fam
Reading genotypes from /dcs04/lieber/shared/statsgen/LDSC/base/referencefiles/1000G_EUR_Phase3_plink/1000G.EUR.QC.1.bed
After filtering, 779354 SNPs remain
Estimating LD Score.
Reading list of 116564 SNPs for which to print LD Scores from /dcs04/lieber/shared/statsgen/LDSC/base/referencefiles/hapmap3_snps/hm.1.snp
After merging with --print-snps, LD Scores for 98690 SNPs will be printed.
Writing LD Scores for 98690 SNPs to ./out_nmf22/chr.1.l2.ldscore.gz

Summary of LD Scores in ./out_nmf22/chr.1.l2.ldscore.gz
         MAF        L2
mean  0.2329   20.0975
std   0.1442   46.8065
min   0.0051   -3.8954
25%   0.1056    0.0000
50%   0.2219    0.7553
75%   0.3548   14.2347
max   0.5000  507.0690

MAF/LD Score Correlation Matrix
        MAF      L2
MAF  1.0000  0.0558
L2   0.0558  1.0000

Annotation Correlation Matrix
       ANNOT
ANNOT    1.0

Annotation Matrix Column Sums
ANNOT    136878

Summary of Annotation Matrix Row Sums
count    779354.0000
mean          0.1756
std           0.3805
min           0.0000
25%           0.0000
50%           0.0000
75%           0.0000
max           1.0000
Analysis finished at Fri Aug  2 16:01:58 2024
Total time elapsed: 4.0m:28.89s
*********************************************************************
* LD Score Regression (LDSC)
* Version 1.0.1
* (C) 2014-2019 Brendan Bulik-Sullivan and Hilary Finucane
* Broad Institute of MIT and Harvard / MIT Department of Mathematics
* GNU General Public License v3
*********************************************************************
Call: 
./ldsc.py \
--print-snps /dcs04/lieber/shared/statsgen/LDSC/base/referencefiles/hapmap3_snps/hm.2.snp \
--ld-wind-cm 1.0 \
--out ./out_nmf22/chr.2 \
--bfile /dcs04/lieber/shared/statsgen/LDSC/base/referencefiles/1000G_EUR_Phase3_plink/1000G.EUR.QC.2 \
--thin-annot  \
--annot ./out_nmf22/chr.2.annot.gz \
--l2  

Beginning analysis at Fri Aug  2 16:01:58 2024
Read list of 839590 SNPs from /dcs04/lieber/shared/statsgen/LDSC/base/referencefiles/1000G_EUR_Phase3_plink/1000G.EUR.QC.2.bim
Read 1 annotations for 839590 SNPs from ./out_nmf22/chr.2.annot.gz
Read list of 489 individuals from /dcs04/lieber/shared/statsgen/LDSC/base/referencefiles/1000G_EUR_Phase3_plink/1000G.EUR.QC.2.fam
Reading genotypes from /dcs04/lieber/shared/statsgen/LDSC/base/referencefiles/1000G_EUR_Phase3_plink/1000G.EUR.QC.2.bed
After filtering, 839590 SNPs remain
Estimating LD Score.
Reading list of 116575 SNPs for which to print LD Scores from /dcs04/lieber/shared/statsgen/LDSC/base/referencefiles/hapmap3_snps/hm.2.snp
After merging with --print-snps, LD Scores for 100038 SNPs will be printed.
Writing LD Scores for 100038 SNPs to ./out_nmf22/chr.2.l2.ldscore.gz

Summary of LD Scores in ./out_nmf22/chr.2.l2.ldscore.gz
         MAF        L2
mean  0.2371   18.7847
std   0.1439   41.8704
min   0.0051   -2.3039
25%   0.1115    0.0000
50%   0.2280    0.0388
75%   0.3609   12.3157
max   0.5000  427.9239

MAF/LD Score Correlation Matrix
        MAF      L2
MAF  1.0000  0.0503
L2   0.0503  1.0000

Annotation Correlation Matrix
       ANNOT
ANNOT    1.0

Annotation Matrix Column Sums
ANNOT    122625

Summary of Annotation Matrix Row Sums
count    839590.0000
mean          0.1461
std           0.3532
min           0.0000
25%           0.0000
50%           0.0000
75%           0.0000
max           1.0000
Analysis finished at Fri Aug  2 16:06:47 2024
Total time elapsed: 4.0m:48.68s
*********************************************************************
* LD Score Regression (LDSC)
* Version 1.0.1
* (C) 2014-2019 Brendan Bulik-Sullivan and Hilary Finucane
* Broad Institute of MIT and Harvard / MIT Department of Mathematics
* GNU General Public License v3
*********************************************************************
Call: 
./ldsc.py \
--print-snps /dcs04/lieber/shared/statsgen/LDSC/base/referencefiles/hapmap3_snps/hm.3.snp \
--ld-wind-cm 1.0 \
--out ./out_nmf22/chr.3 \
--bfile /dcs04/lieber/shared/statsgen/LDSC/base/referencefiles/1000G_EUR_Phase3_plink/1000G.EUR.QC.3 \
--thin-annot  \
--annot ./out_nmf22/chr.3.annot.gz \
--l2  

Beginning analysis at Fri Aug  2 16:06:47 2024
Read list of 706350 SNPs from /dcs04/lieber/shared/statsgen/LDSC/base/referencefiles/1000G_EUR_Phase3_plink/1000G.EUR.QC.3.bim
Read 1 annotations for 706350 SNPs from ./out_nmf22/chr.3.annot.gz
Read list of 489 individuals from /dcs04/lieber/shared/statsgen/LDSC/base/referencefiles/1000G_EUR_Phase3_plink/1000G.EUR.QC.3.fam
Reading genotypes from /dcs04/lieber/shared/statsgen/LDSC/base/referencefiles/1000G_EUR_Phase3_plink/1000G.EUR.QC.3.bed
After filtering, 706350 SNPs remain
Estimating LD Score.
Reading list of 96664 SNPs for which to print LD Scores from /dcs04/lieber/shared/statsgen/LDSC/base/referencefiles/hapmap3_snps/hm.3.snp
After merging with --print-snps, LD Scores for 83286 SNPs will be printed.
Writing LD Scores for 83286 SNPs to ./out_nmf22/chr.3.l2.ldscore.gz

Summary of LD Scores in ./out_nmf22/chr.3.l2.ldscore.gz
         MAF        L2
mean  0.2395   22.0065
std   0.1436   46.8941
min   0.0051   -2.8352
25%   0.1145    0.0000
50%   0.2311    0.5706
75%   0.3630   20.4178
max   0.5000  528.6929

MAF/LD Score Correlation Matrix
        MAF      L2
MAF  1.0000  0.0652
L2   0.0652  1.0000

Annotation Correlation Matrix
       ANNOT
ANNOT    1.0

Annotation Matrix Column Sums
ANNOT    126960

Summary of Annotation Matrix Row Sums
count    706350.0000
mean          0.1797
std           0.3840
min           0.0000
25%           0.0000
50%           0.0000
75%           0.0000
max           1.0000
Analysis finished at Fri Aug  2 16:11:28 2024
Total time elapsed: 4.0m:40.93s
*********************************************************************
* LD Score Regression (LDSC)
* Version 1.0.1
* (C) 2014-2019 Brendan Bulik-Sullivan and Hilary Finucane
* Broad Institute of MIT and Harvard / MIT Department of Mathematics
* GNU General Public License v3
*********************************************************************
Call: 
./ldsc.py \
--print-snps /dcs04/lieber/shared/statsgen/LDSC/base/referencefiles/hapmap3_snps/hm.4.snp \
--ld-wind-cm 1.0 \
--out ./out_nmf22/chr.4 \
--bfile /dcs04/lieber/shared/statsgen/LDSC/base/referencefiles/1000G_EUR_Phase3_plink/1000G.EUR.QC.4 \
--thin-annot  \
--annot ./out_nmf22/chr.4.annot.gz \
--l2  

Beginning analysis at Fri Aug  2 16:11:29 2024
Read list of 729645 SNPs from /dcs04/lieber/shared/statsgen/LDSC/base/referencefiles/1000G_EUR_Phase3_plink/1000G.EUR.QC.4.bim
Read 1 annotations for 729645 SNPs from ./out_nmf22/chr.4.annot.gz
Read list of 489 individuals from /dcs04/lieber/shared/statsgen/LDSC/base/referencefiles/1000G_EUR_Phase3_plink/1000G.EUR.QC.4.fam
Reading genotypes from /dcs04/lieber/shared/statsgen/LDSC/base/referencefiles/1000G_EUR_Phase3_plink/1000G.EUR.QC.4.bed
After filtering, 729645 SNPs remain
Estimating LD Score.
Reading list of 85881 SNPs for which to print LD Scores from /dcs04/lieber/shared/statsgen/LDSC/base/referencefiles/hapmap3_snps/hm.4.snp
After merging with --print-snps, LD Scores for 74259 SNPs will be printed.
Writing LD Scores for 74259 SNPs to ./out_nmf22/chr.4.l2.ldscore.gz

Summary of LD Scores in ./out_nmf22/chr.4.l2.ldscore.gz
         MAF        L2
mean  0.2367   19.5627
std   0.1431   50.1794
min   0.0051   -3.1614
25%   0.1115    0.0000
50%   0.2301    0.0000
75%   0.3579    6.5801
max   0.5000  699.8219

MAF/LD Score Correlation Matrix
        MAF      L2
MAF  1.0000  0.0659
L2   0.0659  1.0000

Annotation Correlation Matrix
       ANNOT
ANNOT    1.0

Annotation Matrix Column Sums
ANNOT    93723

Summary of Annotation Matrix Row Sums
count    729645.0000
mean          0.1285
std           0.3346
min           0.0000
25%           0.0000
50%           0.0000
75%           0.0000
max           1.0000
Analysis finished at Fri Aug  2 16:15:39 2024
Total time elapsed: 4.0m:9.94s
*********************************************************************
* LD Score Regression (LDSC)
* Version 1.0.1
* (C) 2014-2019 Brendan Bulik-Sullivan and Hilary Finucane
* Broad Institute of MIT and Harvard / MIT Department of Mathematics
* GNU General Public License v3
*********************************************************************
Call: 
./ldsc.py \
--print-snps /dcs04/lieber/shared/statsgen/LDSC/base/referencefiles/hapmap3_snps/hm.5.snp \
--ld-wind-cm 1.0 \
--out ./out_nmf22/chr.5 \
--bfile /dcs04/lieber/shared/statsgen/LDSC/base/referencefiles/1000G_EUR_Phase3_plink/1000G.EUR.QC.5 \
--thin-annot  \
--annot ./out_nmf22/chr.5.annot.gz \
--l2  

Beginning analysis at Fri Aug  2 16:15:39 2024
Read list of 633015 SNPs from /dcs04/lieber/shared/statsgen/LDSC/base/referencefiles/1000G_EUR_Phase3_plink/1000G.EUR.QC.5.bim
Read 1 annotations for 633015 SNPs from ./out_nmf22/chr.5.annot.gz
Read list of 489 individuals from /dcs04/lieber/shared/statsgen/LDSC/base/referencefiles/1000G_EUR_Phase3_plink/1000G.EUR.QC.5.fam
Reading genotypes from /dcs04/lieber/shared/statsgen/LDSC/base/referencefiles/1000G_EUR_Phase3_plink/1000G.EUR.QC.5.bed
After filtering, 633015 SNPs remain
Estimating LD Score.
Reading list of 88059 SNPs for which to print LD Scores from /dcs04/lieber/shared/statsgen/LDSC/base/referencefiles/hapmap3_snps/hm.5.snp
After merging with --print-snps, LD Scores for 74950 SNPs will be printed.
Writing LD Scores for 74950 SNPs to ./out_nmf22/chr.5.l2.ldscore.gz

Summary of LD Scores in ./out_nmf22/chr.5.l2.ldscore.gz
         MAF        L2
mean  0.2353   18.9483
std   0.1428   48.5514
min   0.0051   -3.1575
25%   0.1104    0.0000
50%   0.2260    0.0964
75%   0.3558    9.1439
max   0.5000  568.4900

MAF/LD Score Correlation Matrix
        MAF      L2
MAF  1.0000  0.0663
L2   0.0663  1.0000

Annotation Correlation Matrix
       ANNOT
ANNOT    1.0

Annotation Matrix Column Sums
ANNOT    90047

Summary of Annotation Matrix Row Sums
count    633015.0000
mean          0.1423
std           0.3493
min           0.0000
25%           0.0000
50%           0.0000
75%           0.0000
max           1.0000
Analysis finished at Fri Aug  2 16:19:40 2024
Total time elapsed: 4.0m:1.23s
*********************************************************************
* LD Score Regression (LDSC)
* Version 1.0.1
* (C) 2014-2019 Brendan Bulik-Sullivan and Hilary Finucane
* Broad Institute of MIT and Harvard / MIT Department of Mathematics
* GNU General Public License v3
*********************************************************************
Call: 
./ldsc.py \
--print-snps /dcs04/lieber/shared/statsgen/LDSC/base/referencefiles/hapmap3_snps/hm.6.snp \
--ld-wind-cm 1.0 \
--out ./out_nmf22/chr.6 \
--bfile /dcs04/lieber/shared/statsgen/LDSC/base/referencefiles/1000G_EUR_Phase3_plink/1000G.EUR.QC.6 \
--thin-annot  \
--annot ./out_nmf22/chr.6.annot.gz \
--l2  

Beginning analysis at Fri Aug  2 16:19:41 2024
Read list of 664016 SNPs from /dcs04/lieber/shared/statsgen/LDSC/base/referencefiles/1000G_EUR_Phase3_plink/1000G.EUR.QC.6.bim
Read 1 annotations for 664016 SNPs from ./out_nmf22/chr.6.annot.gz
Read list of 489 individuals from /dcs04/lieber/shared/statsgen/LDSC/base/referencefiles/1000G_EUR_Phase3_plink/1000G.EUR.QC.6.fam
Reading genotypes from /dcs04/lieber/shared/statsgen/LDSC/base/referencefiles/1000G_EUR_Phase3_plink/1000G.EUR.QC.6.bed
After filtering, 664016 SNPs remain
Estimating LD Score.
Reading list of 91491 SNPs for which to print LD Scores from /dcs04/lieber/shared/statsgen/LDSC/base/referencefiles/hapmap3_snps/hm.6.snp
After merging with --print-snps, LD Scores for 80218 SNPs will be printed.
Writing LD Scores for 80218 SNPs to ./out_nmf22/chr.6.l2.ldscore.gz

Summary of LD Scores in ./out_nmf22/chr.6.l2.ldscore.gz
         MAF        L2
mean  0.2331   18.6605
std   0.1441   41.4708
min   0.0051   -2.0834
25%   0.1074    0.0000
50%   0.2219    1.1449
75%   0.3558   13.6858
max   0.5000  353.1338

MAF/LD Score Correlation Matrix
        MAF      L2
MAF  1.0000  0.0441
L2   0.0441  1.0000

Annotation Correlation Matrix
       ANNOT
ANNOT    1.0

Annotation Matrix Column Sums
ANNOT    88479

Summary of Annotation Matrix Row Sums
count    664016.0000
mean          0.1332
std           0.3398
min           0.0000
25%           0.0000
50%           0.0000
75%           0.0000
max           1.0000
Analysis finished at Fri Aug  2 16:25:21 2024
Total time elapsed: 5.0m:40.66s
*********************************************************************
* LD Score Regression (LDSC)
* Version 1.0.1
* (C) 2014-2019 Brendan Bulik-Sullivan and Hilary Finucane
* Broad Institute of MIT and Harvard / MIT Department of Mathematics
* GNU General Public License v3
*********************************************************************
Call: 
./ldsc.py \
--print-snps /dcs04/lieber/shared/statsgen/LDSC/base/referencefiles/hapmap3_snps/hm.7.snp \
--ld-wind-cm 1.0 \
--out ./out_nmf22/chr.7 \
--bfile /dcs04/lieber/shared/statsgen/LDSC/base/referencefiles/1000G_EUR_Phase3_plink/1000G.EUR.QC.7 \
--thin-annot  \
--annot ./out_nmf22/chr.7.annot.gz \
--l2  

Beginning analysis at Fri Aug  2 16:25:22 2024
Read list of 589569 SNPs from /dcs04/lieber/shared/statsgen/LDSC/base/referencefiles/1000G_EUR_Phase3_plink/1000G.EUR.QC.7.bim
Read 1 annotations for 589569 SNPs from ./out_nmf22/chr.7.annot.gz
Read list of 489 individuals from /dcs04/lieber/shared/statsgen/LDSC/base/referencefiles/1000G_EUR_Phase3_plink/1000G.EUR.QC.7.fam
Reading genotypes from /dcs04/lieber/shared/statsgen/LDSC/base/referencefiles/1000G_EUR_Phase3_plink/1000G.EUR.QC.7.bed
After filtering, 589569 SNPs remain
Estimating LD Score.
Reading list of 75316 SNPs for which to print LD Scores from /dcs04/lieber/shared/statsgen/LDSC/base/referencefiles/hapmap3_snps/hm.7.snp
After merging with --print-snps, LD Scores for 65848 SNPs will be printed.
Writing LD Scores for 65848 SNPs to ./out_nmf22/chr.7.l2.ldscore.gz

Summary of LD Scores in ./out_nmf22/chr.7.l2.ldscore.gz
         MAF        L2
mean  0.2376   21.0945
std   0.1437   50.4117
min   0.0051   -2.9839
25%   0.1104    0.0000
50%   0.2290    0.5916
75%   0.3609   15.0807
max   0.5000  631.0355

MAF/LD Score Correlation Matrix
        MAF      L2
MAF  1.0000  0.0697
L2   0.0697  1.0000

Annotation Correlation Matrix
       ANNOT
ANNOT    1.0

Annotation Matrix Column Sums
ANNOT    95216

Summary of Annotation Matrix Row Sums
count    589569.0000
mean          0.1615
std           0.3680
min           0.0000
25%           0.0000
50%           0.0000
75%           0.0000
max           1.0000
Analysis finished at Fri Aug  2 16:29:17 2024
Total time elapsed: 3.0m:55.45s
*********************************************************************
* LD Score Regression (LDSC)
* Version 1.0.1
* (C) 2014-2019 Brendan Bulik-Sullivan and Hilary Finucane
* Broad Institute of MIT and Harvard / MIT Department of Mathematics
* GNU General Public License v3
*********************************************************************
Call: 
./ldsc.py \
--print-snps /dcs04/lieber/shared/statsgen/LDSC/base/referencefiles/hapmap3_snps/hm.8.snp \
--ld-wind-cm 1.0 \
--out ./out_nmf22/chr.8 \
--bfile /dcs04/lieber/shared/statsgen/LDSC/base/referencefiles/1000G_EUR_Phase3_plink/1000G.EUR.QC.8 \
--thin-annot  \
--annot ./out_nmf22/chr.8.annot.gz \
--l2  

Beginning analysis at Fri Aug  2 16:29:18 2024
Read list of 549971 SNPs from /dcs04/lieber/shared/statsgen/LDSC/base/referencefiles/1000G_EUR_Phase3_plink/1000G.EUR.QC.8.bim
Read 1 annotations for 549971 SNPs from ./out_nmf22/chr.8.annot.gz
Read list of 489 individuals from /dcs04/lieber/shared/statsgen/LDSC/base/referencefiles/1000G_EUR_Phase3_plink/1000G.EUR.QC.8.fam
Reading genotypes from /dcs04/lieber/shared/statsgen/LDSC/base/referencefiles/1000G_EUR_Phase3_plink/1000G.EUR.QC.8.bed
After filtering, 549971 SNPs remain
Estimating LD Score.
Reading list of 75345 SNPs for which to print LD Scores from /dcs04/lieber/shared/statsgen/LDSC/base/referencefiles/hapmap3_snps/hm.8.snp
After merging with --print-snps, LD Scores for 65167 SNPs will be printed.
Writing LD Scores for 65167 SNPs to ./out_nmf22/chr.8.l2.ldscore.gz

Summary of LD Scores in ./out_nmf22/chr.8.l2.ldscore.gz
         MAF        L2
mean  0.2368   28.2342
std   0.1438   63.9058
min   0.0051   -4.3074
25%   0.1094    0.0000
50%   0.2270    0.7516
75%   0.3599   17.4650
max   0.5000  660.6752

MAF/LD Score Correlation Matrix
       MAF     L2
MAF  1.000  0.127
L2   0.127  1.000

Annotation Correlation Matrix
       ANNOT
ANNOT    1.0

Annotation Matrix Column Sums
ANNOT    103241

Summary of Annotation Matrix Row Sums
count    549971.0000
mean          0.1877
std           0.3905
min           0.0000
25%           0.0000
50%           0.0000
75%           0.0000
max           1.0000
Analysis finished at Fri Aug  2 16:33:14 2024
Total time elapsed: 3.0m:56.29s
*********************************************************************
* LD Score Regression (LDSC)
* Version 1.0.1
* (C) 2014-2019 Brendan Bulik-Sullivan and Hilary Finucane
* Broad Institute of MIT and Harvard / MIT Department of Mathematics
* GNU General Public License v3
*********************************************************************
Call: 
./ldsc.py \
--print-snps /dcs04/lieber/shared/statsgen/LDSC/base/referencefiles/hapmap3_snps/hm.9.snp \
--ld-wind-cm 1.0 \
--out ./out_nmf22/chr.9 \
--bfile /dcs04/lieber/shared/statsgen/LDSC/base/referencefiles/1000G_EUR_Phase3_plink/1000G.EUR.QC.9 \
--thin-annot  \
--annot ./out_nmf22/chr.9.annot.gz \
--l2  

Beginning analysis at Fri Aug  2 16:33:14 2024
Read list of 438106 SNPs from /dcs04/lieber/shared/statsgen/LDSC/base/referencefiles/1000G_EUR_Phase3_plink/1000G.EUR.QC.9.bim
Read 1 annotations for 438106 SNPs from ./out_nmf22/chr.9.annot.gz
Read list of 489 individuals from /dcs04/lieber/shared/statsgen/LDSC/base/referencefiles/1000G_EUR_Phase3_plink/1000G.EUR.QC.9.fam
Reading genotypes from /dcs04/lieber/shared/statsgen/LDSC/base/referencefiles/1000G_EUR_Phase3_plink/1000G.EUR.QC.9.bed
After filtering, 438106 SNPs remain
Estimating LD Score.
Reading list of 63706 SNPs for which to print LD Scores from /dcs04/lieber/shared/statsgen/LDSC/base/referencefiles/hapmap3_snps/hm.9.snp
After merging with --print-snps, LD Scores for 55885 SNPs will be printed.
Writing LD Scores for 55885 SNPs to ./out_nmf22/chr.9.l2.ldscore.gz

Summary of LD Scores in ./out_nmf22/chr.9.l2.ldscore.gz
         MAF        L2
mean  0.2343   13.2193
std   0.1436   33.2625
min   0.0051   -2.1628
25%   0.1084    0.0000
50%   0.2239    0.0000
75%   0.3558    4.7483
max   0.5000  368.1778

MAF/LD Score Correlation Matrix
        MAF      L2
MAF  1.0000  0.0268
L2   0.0268  1.0000

Annotation Correlation Matrix
       ANNOT
ANNOT    1.0

Annotation Matrix Column Sums
ANNOT    60518

Summary of Annotation Matrix Row Sums
count    438106.0000
mean          0.1381
std           0.3450
min           0.0000
25%           0.0000
50%           0.0000
75%           0.0000
max           1.0000
Analysis finished at Fri Aug  2 16:35:19 2024
Total time elapsed: 2.0m:4.35s
*********************************************************************
* LD Score Regression (LDSC)
* Version 1.0.1
* (C) 2014-2019 Brendan Bulik-Sullivan and Hilary Finucane
* Broad Institute of MIT and Harvard / MIT Department of Mathematics
* GNU General Public License v3
*********************************************************************
Call: 
./ldsc.py \
--print-snps /dcs04/lieber/shared/statsgen/LDSC/base/referencefiles/hapmap3_snps/hm.10.snp \
--ld-wind-cm 1.0 \
--out ./out_nmf22/chr.10 \
--bfile /dcs04/lieber/shared/statsgen/LDSC/base/referencefiles/1000G_EUR_Phase3_plink/1000G.EUR.QC.10 \
--thin-annot  \
--annot ./out_nmf22/chr.10.annot.gz \
--l2  

Beginning analysis at Fri Aug  2 16:35:19 2024
Read list of 510501 SNPs from /dcs04/lieber/shared/statsgen/LDSC/base/referencefiles/1000G_EUR_Phase3_plink/1000G.EUR.QC.10.bim
Read 1 annotations for 510501 SNPs from ./out_nmf22/chr.10.annot.gz
Read list of 489 individuals from /dcs04/lieber/shared/statsgen/LDSC/base/referencefiles/1000G_EUR_Phase3_plink/1000G.EUR.QC.10.fam
Reading genotypes from /dcs04/lieber/shared/statsgen/LDSC/base/referencefiles/1000G_EUR_Phase3_plink/1000G.EUR.QC.10.bed
After filtering, 510501 SNPs remain
Estimating LD Score.
Reading list of 73929 SNPs for which to print LD Scores from /dcs04/lieber/shared/statsgen/LDSC/base/referencefiles/hapmap3_snps/hm.10.snp
After merging with --print-snps, LD Scores for 64236 SNPs will be printed.
Writing LD Scores for 64236 SNPs to ./out_nmf22/chr.10.l2.ldscore.gz

Summary of LD Scores in ./out_nmf22/chr.10.l2.ldscore.gz
         MAF        L2
mean  0.2316   13.6746
std   0.1438   39.5969
min   0.0051   -2.2811
25%   0.1053    0.0000
50%   0.2188    0.0000
75%   0.3538    3.6490
max   0.5000  498.0574

MAF/LD Score Correlation Matrix
      MAF    L2
MAF  1.00  0.04
L2   0.04  1.00

Annotation Correlation Matrix
       ANNOT
ANNOT    1.0

Annotation Matrix Column Sums
ANNOT    55738

Summary of Annotation Matrix Row Sums
count    510501.0000
mean          0.1092
std           0.3119
min           0.0000
25%           0.0000
50%           0.0000
75%           0.0000
max           1.0000
Analysis finished at Fri Aug  2 16:38:03 2024
Total time elapsed: 2.0m:43.76s
*********************************************************************
* LD Score Regression (LDSC)
* Version 1.0.1
* (C) 2014-2019 Brendan Bulik-Sullivan and Hilary Finucane
* Broad Institute of MIT and Harvard / MIT Department of Mathematics
* GNU General Public License v3
*********************************************************************
Call: 
./ldsc.py \
--print-snps /dcs04/lieber/shared/statsgen/LDSC/base/referencefiles/hapmap3_snps/hm.11.snp \
--ld-wind-cm 1.0 \
--out ./out_nmf22/chr.11 \
--bfile /dcs04/lieber/shared/statsgen/LDSC/base/referencefiles/1000G_EUR_Phase3_plink/1000G.EUR.QC.11 \
--thin-annot  \
--annot ./out_nmf22/chr.11.annot.gz \
--l2  

Beginning analysis at Fri Aug  2 16:38:03 2024
Read list of 493922 SNPs from /dcs04/lieber/shared/statsgen/LDSC/base/referencefiles/1000G_EUR_Phase3_plink/1000G.EUR.QC.11.bim
Read 1 annotations for 493922 SNPs from ./out_nmf22/chr.11.annot.gz
Read list of 489 individuals from /dcs04/lieber/shared/statsgen/LDSC/base/referencefiles/1000G_EUR_Phase3_plink/1000G.EUR.QC.11.fam
Reading genotypes from /dcs04/lieber/shared/statsgen/LDSC/base/referencefiles/1000G_EUR_Phase3_plink/1000G.EUR.QC.11.bed
After filtering, 493922 SNPs remain
Estimating LD Score.
Reading list of 71092 SNPs for which to print LD Scores from /dcs04/lieber/shared/statsgen/LDSC/base/referencefiles/hapmap3_snps/hm.11.snp
After merging with --print-snps, LD Scores for 61027 SNPs will be printed.
Writing LD Scores for 61027 SNPs to ./out_nmf22/chr.11.l2.ldscore.gz

Summary of LD Scores in ./out_nmf22/chr.11.l2.ldscore.gz
         MAF        L2
mean  0.2389   20.7106
std   0.1430   43.1439
min   0.0051   -3.6314
25%   0.1145    0.0000
50%   0.2301    1.4703
75%   0.3609   19.1536
max   0.5000  538.7030

MAF/LD Score Correlation Matrix
        MAF      L2
MAF  1.0000  0.0593
L2   0.0593  1.0000

Annotation Correlation Matrix
       ANNOT
ANNOT    1.0

Annotation Matrix Column Sums
ANNOT    88762

Summary of Annotation Matrix Row Sums
count    493922.0000
mean          0.1797
std           0.3839
min           0.0000
25%           0.0000
50%           0.0000
75%           0.0000
max           1.0000
Analysis finished at Fri Aug  2 16:42:36 2024
Total time elapsed: 4.0m:32.18s
*********************************************************************
* LD Score Regression (LDSC)
* Version 1.0.1
* (C) 2014-2019 Brendan Bulik-Sullivan and Hilary Finucane
* Broad Institute of MIT and Harvard / MIT Department of Mathematics
* GNU General Public License v3
*********************************************************************
Call: 
./ldsc.py \
--print-snps /dcs04/lieber/shared/statsgen/LDSC/base/referencefiles/hapmap3_snps/hm.12.snp \
--ld-wind-cm 1.0 \
--out ./out_nmf22/chr.12 \
--bfile /dcs04/lieber/shared/statsgen/LDSC/base/referencefiles/1000G_EUR_Phase3_plink/1000G.EUR.QC.12 \
--thin-annot  \
--annot ./out_nmf22/chr.12.annot.gz \
--l2  

Beginning analysis at Fri Aug  2 16:42:36 2024
Read list of 480110 SNPs from /dcs04/lieber/shared/statsgen/LDSC/base/referencefiles/1000G_EUR_Phase3_plink/1000G.EUR.QC.12.bim
Read 1 annotations for 480110 SNPs from ./out_nmf22/chr.12.annot.gz
Read list of 489 individuals from /dcs04/lieber/shared/statsgen/LDSC/base/referencefiles/1000G_EUR_Phase3_plink/1000G.EUR.QC.12.fam
Reading genotypes from /dcs04/lieber/shared/statsgen/LDSC/base/referencefiles/1000G_EUR_Phase3_plink/1000G.EUR.QC.12.bed
After filtering, 480110 SNPs remain
Estimating LD Score.
Reading list of 68635 SNPs for which to print LD Scores from /dcs04/lieber/shared/statsgen/LDSC/base/referencefiles/hapmap3_snps/hm.12.snp
After merging with --print-snps, LD Scores for 58127 SNPs will be printed.
Writing LD Scores for 58127 SNPs to ./out_nmf22/chr.12.l2.ldscore.gz

Summary of LD Scores in ./out_nmf22/chr.12.l2.ldscore.gz
         MAF        L2
mean  0.2320   18.1033
std   0.1438   38.9024
min   0.0051   -2.3295
25%   0.1063    0.0000
50%   0.2198    0.6582
75%   0.3548   13.7598
max   0.5000  346.8246

MAF/LD Score Correlation Matrix
        MAF      L2
MAF  1.0000  0.0549
L2   0.0549  1.0000

Annotation Correlation Matrix
       ANNOT
ANNOT    1.0

Annotation Matrix Column Sums
ANNOT    83015

Summary of Annotation Matrix Row Sums
count    480110.0000
mean          0.1729
std           0.3782
min           0.0000
25%           0.0000
50%           0.0000
75%           0.0000
max           1.0000
Analysis finished at Fri Aug  2 16:45:17 2024
Total time elapsed: 2.0m:40.7s
*********************************************************************
* LD Score Regression (LDSC)
* Version 1.0.1
* (C) 2014-2019 Brendan Bulik-Sullivan and Hilary Finucane
* Broad Institute of MIT and Harvard / MIT Department of Mathematics
* GNU General Public License v3
*********************************************************************
Call: 
./ldsc.py \
--print-snps /dcs04/lieber/shared/statsgen/LDSC/base/referencefiles/hapmap3_snps/hm.13.snp \
--ld-wind-cm 1.0 \
--out ./out_nmf22/chr.13 \
--bfile /dcs04/lieber/shared/statsgen/LDSC/base/referencefiles/1000G_EUR_Phase3_plink/1000G.EUR.QC.13 \
--thin-annot  \
--annot ./out_nmf22/chr.13.annot.gz \
--l2  

Beginning analysis at Fri Aug  2 16:45:17 2024
Read list of 366200 SNPs from /dcs04/lieber/shared/statsgen/LDSC/base/referencefiles/1000G_EUR_Phase3_plink/1000G.EUR.QC.13.bim
Read 1 annotations for 366200 SNPs from ./out_nmf22/chr.13.annot.gz
Read list of 489 individuals from /dcs04/lieber/shared/statsgen/LDSC/base/referencefiles/1000G_EUR_Phase3_plink/1000G.EUR.QC.13.fam
Reading genotypes from /dcs04/lieber/shared/statsgen/LDSC/base/referencefiles/1000G_EUR_Phase3_plink/1000G.EUR.QC.13.bed
After filtering, 366200 SNPs remain
Estimating LD Score.
Reading list of 52010 SNPs for which to print LD Scores from /dcs04/lieber/shared/statsgen/LDSC/base/referencefiles/hapmap3_snps/hm.13.snp
After merging with --print-snps, LD Scores for 45136 SNPs will be printed.
Writing LD Scores for 45136 SNPs to ./out_nmf22/chr.13.l2.ldscore.gz

Summary of LD Scores in ./out_nmf22/chr.13.l2.ldscore.gz
         MAF        L2
mean  0.2329    8.5586
std   0.1436   27.0853
min   0.0051   -1.4932
25%   0.1063    0.0000
50%   0.2198    0.0000
75%   0.3548    1.3020
max   0.5000  277.0789

MAF/LD Score Correlation Matrix
        MAF      L2
MAF  1.0000  0.0432
L2   0.0432  1.0000

Annotation Correlation Matrix
       ANNOT
ANNOT    1.0

Annotation Matrix Column Sums
ANNOT    32912

Summary of Annotation Matrix Row Sums
count    366200.0000
mean          0.0899
std           0.2860
min           0.0000
25%           0.0000
50%           0.0000
75%           0.0000
max           1.0000
Analysis finished at Fri Aug  2 16:46:52 2024
Total time elapsed: 1.0m:34.39s
*********************************************************************
* LD Score Regression (LDSC)
* Version 1.0.1
* (C) 2014-2019 Brendan Bulik-Sullivan and Hilary Finucane
* Broad Institute of MIT and Harvard / MIT Department of Mathematics
* GNU General Public License v3
*********************************************************************
Call: 
./ldsc.py \
--print-snps /dcs04/lieber/shared/statsgen/LDSC/base/referencefiles/hapmap3_snps/hm.14.snp \
--ld-wind-cm 1.0 \
--out ./out_nmf22/chr.14 \
--bfile /dcs04/lieber/shared/statsgen/LDSC/base/referencefiles/1000G_EUR_Phase3_plink/1000G.EUR.QC.14 \
--thin-annot  \
--annot ./out_nmf22/chr.14.annot.gz \
--l2  

Beginning analysis at Fri Aug  2 16:46:52 2024
Read list of 324698 SNPs from /dcs04/lieber/shared/statsgen/LDSC/base/referencefiles/1000G_EUR_Phase3_plink/1000G.EUR.QC.14.bim
Read 1 annotations for 324698 SNPs from ./out_nmf22/chr.14.annot.gz
Read list of 489 individuals from /dcs04/lieber/shared/statsgen/LDSC/base/referencefiles/1000G_EUR_Phase3_plink/1000G.EUR.QC.14.fam
Reading genotypes from /dcs04/lieber/shared/statsgen/LDSC/base/referencefiles/1000G_EUR_Phase3_plink/1000G.EUR.QC.14.bed
After filtering, 324698 SNPs remain
Estimating LD Score.
Reading list of 45556 SNPs for which to print LD Scores from /dcs04/lieber/shared/statsgen/LDSC/base/referencefiles/hapmap3_snps/hm.14.snp
After merging with --print-snps, LD Scores for 39504 SNPs will be printed.
Writing LD Scores for 39504 SNPs to ./out_nmf22/chr.14.l2.ldscore.gz

Summary of LD Scores in ./out_nmf22/chr.14.l2.ldscore.gz
         MAF        L2
mean  0.2308   18.0344
std   0.1432   43.9934
min   0.0051   -2.3696
25%   0.1053    0.0000
50%   0.2188    0.0144
75%   0.3497    8.8417
max   0.5000  375.3875

MAF/LD Score Correlation Matrix
        MAF      L2
MAF  1.0000  0.0688
L2   0.0688  1.0000

Annotation Correlation Matrix
       ANNOT
ANNOT    1.0

Annotation Matrix Column Sums
ANNOT    45489

Summary of Annotation Matrix Row Sums
count    324698.0000
mean          0.1401
std           0.3471
min           0.0000
25%           0.0000
50%           0.0000
75%           0.0000
max           1.0000
Analysis finished at Fri Aug  2 16:48:41 2024
Total time elapsed: 1.0m:49.33s
*********************************************************************
* LD Score Regression (LDSC)
* Version 1.0.1
* (C) 2014-2019 Brendan Bulik-Sullivan and Hilary Finucane
* Broad Institute of MIT and Harvard / MIT Department of Mathematics
* GNU General Public License v3
*********************************************************************
Call: 
./ldsc.py \
--print-snps /dcs04/lieber/shared/statsgen/LDSC/base/referencefiles/hapmap3_snps/hm.15.snp \
--ld-wind-cm 1.0 \
--out ./out_nmf22/chr.15 \
--bfile /dcs04/lieber/shared/statsgen/LDSC/base/referencefiles/1000G_EUR_Phase3_plink/1000G.EUR.QC.15 \
--thin-annot  \
--annot ./out_nmf22/chr.15.annot.gz \
--l2  

Beginning analysis at Fri Aug  2 16:48:42 2024
Read list of 287001 SNPs from /dcs04/lieber/shared/statsgen/LDSC/base/referencefiles/1000G_EUR_Phase3_plink/1000G.EUR.QC.15.bim
Read 1 annotations for 287001 SNPs from ./out_nmf22/chr.15.annot.gz
Read list of 489 individuals from /dcs04/lieber/shared/statsgen/LDSC/base/referencefiles/1000G_EUR_Phase3_plink/1000G.EUR.QC.15.fam
Reading genotypes from /dcs04/lieber/shared/statsgen/LDSC/base/referencefiles/1000G_EUR_Phase3_plink/1000G.EUR.QC.15.bed
After filtering, 287001 SNPs remain
Estimating LD Score.
Reading list of 42410 SNPs for which to print LD Scores from /dcs04/lieber/shared/statsgen/LDSC/base/referencefiles/hapmap3_snps/hm.15.snp
After merging with --print-snps, LD Scores for 36291 SNPs will be printed.
Writing LD Scores for 36291 SNPs to ./out_nmf22/chr.15.l2.ldscore.gz

Summary of LD Scores in ./out_nmf22/chr.15.l2.ldscore.gz
         MAF        L2
mean  0.2363   15.3113
std   0.1452   36.8201
min   0.0051   -1.4717
25%   0.1084    0.0000
50%   0.2260    0.0341
75%   0.3630    8.3427
max   0.5000  334.5322

MAF/LD Score Correlation Matrix
        MAF      L2
MAF  1.0000  0.0261
L2   0.0261  1.0000

Annotation Correlation Matrix
       ANNOT
ANNOT    1.0

Annotation Matrix Column Sums
ANNOT    43605

Summary of Annotation Matrix Row Sums
count    287001.0000
mean          0.1519
std           0.3590
min           0.0000
25%           0.0000
50%           0.0000
75%           0.0000
max           1.0000
Analysis finished at Fri Aug  2 16:50:06 2024
Total time elapsed: 1.0m:24.86s
*********************************************************************
* LD Score Regression (LDSC)
* Version 1.0.1
* (C) 2014-2019 Brendan Bulik-Sullivan and Hilary Finucane
* Broad Institute of MIT and Harvard / MIT Department of Mathematics
* GNU General Public License v3
*********************************************************************
Call: 
./ldsc.py \
--print-snps /dcs04/lieber/shared/statsgen/LDSC/base/referencefiles/hapmap3_snps/hm.16.snp \
--ld-wind-cm 1.0 \
--out ./out_nmf22/chr.16 \
--bfile /dcs04/lieber/shared/statsgen/LDSC/base/referencefiles/1000G_EUR_Phase3_plink/1000G.EUR.QC.16 \
--thin-annot  \
--annot ./out_nmf22/chr.16.annot.gz \
--l2  

Beginning analysis at Fri Aug  2 16:50:07 2024
Read list of 316981 SNPs from /dcs04/lieber/shared/statsgen/LDSC/base/referencefiles/1000G_EUR_Phase3_plink/1000G.EUR.QC.16.bim
Read 1 annotations for 316981 SNPs from ./out_nmf22/chr.16.annot.gz
Read list of 489 individuals from /dcs04/lieber/shared/statsgen/LDSC/base/referencefiles/1000G_EUR_Phase3_plink/1000G.EUR.QC.16.fam
Reading genotypes from /dcs04/lieber/shared/statsgen/LDSC/base/referencefiles/1000G_EUR_Phase3_plink/1000G.EUR.QC.16.bed
After filtering, 316981 SNPs remain
Estimating LD Score.
Reading list of 44710 SNPs for which to print LD Scores from /dcs04/lieber/shared/statsgen/LDSC/base/referencefiles/hapmap3_snps/hm.16.snp
After merging with --print-snps, LD Scores for 37656 SNPs will be printed.
Writing LD Scores for 37656 SNPs to ./out_nmf22/chr.16.l2.ldscore.gz

Summary of LD Scores in ./out_nmf22/chr.16.l2.ldscore.gz
         MAF        L2
mean  0.2370   14.3405
std   0.1437   38.0934
min   0.0051   -1.9591
25%   0.1115    0.0000
50%   0.2290    0.0000
75%   0.3589    4.1053
max   0.5000  464.8881

MAF/LD Score Correlation Matrix
        MAF      L2
MAF  1.0000  0.0208
L2   0.0208  1.0000

Annotation Correlation Matrix
       ANNOT
ANNOT    1.0

Annotation Matrix Column Sums
ANNOT    44601

Summary of Annotation Matrix Row Sums
count    316981.0000
mean          0.1407
std           0.3477
min           0.0000
25%           0.0000
50%           0.0000
75%           0.0000
max           1.0000
Analysis finished at Fri Aug  2 16:51:39 2024
Total time elapsed: 1.0m:32.03s
**** Job ends ****
Fri Aug  2 04:51:39 PM EDT 2024
