*********************************************************************
* LD Score Regression (LDSC)
* Version 1.0.1
* (C) 2014-2019 Brendan Bulik-Sullivan and Hilary Finucane
* Broad Institute of MIT and Harvard / MIT Department of Mathematics
* GNU General Public License v3
*********************************************************************
Call: 
./ldsc.py \
--print-snps /dcs04/lieber/shared/statsgen/LDSC/base/referencefiles/hapmap3_snps/hm.15.snp \
--ld-wind-cm 1.0 \
--out ./out_L6_IT_Car3/chr.15 \
--bfile /dcs04/lieber/shared/statsgen/LDSC/base/referencefiles/1000G_EUR_Phase3_plink/1000G.EUR.QC.15 \
--thin-annot  \
--annot ./out_L6_IT_Car3/chr.15.annot.gz \
--l2  

Beginning analysis at Thu Jul 11 15:45:23 2024
Read list of 287001 SNPs from /dcs04/lieber/shared/statsgen/LDSC/base/referencefiles/1000G_EUR_Phase3_plink/1000G.EUR.QC.15.bim
Read 1 annotations for 287001 SNPs from ./out_L6_IT_Car3/chr.15.annot.gz
Read list of 489 individuals from /dcs04/lieber/shared/statsgen/LDSC/base/referencefiles/1000G_EUR_Phase3_plink/1000G.EUR.QC.15.fam
Reading genotypes from /dcs04/lieber/shared/statsgen/LDSC/base/referencefiles/1000G_EUR_Phase3_plink/1000G.EUR.QC.15.bed
Estimating LD Score.
Reading list of 42410 SNPs for which to print LD Scores from /dcs04/lieber/shared/statsgen/LDSC/base/referencefiles/hapmap3_snps/hm.15.snp
After merging with --print-snps, LD Scores for 36291 SNPs will be printed.
Writing LD Scores for 36291 SNPs to ./out_L6_IT_Car3/chr.15.l2.ldscore.gz

Summary of LD Scores in ./out_L6_IT_Car3/chr.15.l2.ldscore.gz
         MAF        L2
mean  0.2363   21.2390
std   0.1452   45.8722
min   0.0051   -1.6569
25%   0.1084    0.0000
50%   0.2260    0.4213
75%   0.3630   18.5971
max   0.5000  313.5821

MAF/LD Score Correlation Matrix
        MAF      L2
MAF  1.0000  0.0339
L2   0.0339  1.0000

Annotation Correlation Matrix
       ANNOT
ANNOT    1.0

Annotation Matrix Column Sums
ANNOT    49653

Summary of Annotation Matrix Row Sums
count    287001.0000
mean          0.1730
std           0.3783
min           0.0000
25%           0.0000
50%           0.0000
75%           0.0000
max           1.0000
Analysis finished at Thu Jul 11 15:47:28 2024
Total time elapsed: 2.0m:4.39s
