*********************************************************************
* LD Score Regression (LDSC)
* Version 1.0.1
* (C) 2014-2019 Brendan Bulik-Sullivan and Hilary Finucane
* Broad Institute of MIT and Harvard / MIT Department of Mathematics
* GNU General Public License v3
*********************************************************************
Call: 
./ldsc.py \
--print-snps /dcs04/lieber/shared/statsgen/LDSC/base/referencefiles/hapmap3_snps/hm.19.snp \
--ld-wind-cm 1.0 \
--out ./out_L2_3_IT.NMF11/chr.19 \
--bfile /dcs04/lieber/shared/statsgen/LDSC/base/referencefiles/1000G_EUR_Phase3_plink/1000G.EUR.QC.19 \
--thin-annot  \
--annot ./out_L2_3_IT.NMF11/chr.19.annot.gz \
--l2  

Beginning analysis at Thu Dec 12 08:51:25 2024
Read list of 232363 SNPs from /dcs04/lieber/shared/statsgen/LDSC/base/referencefiles/1000G_EUR_Phase3_plink/1000G.EUR.QC.19.bim
Read 1 annotations for 232363 SNPs from ./out_L2_3_IT.NMF11/chr.19.annot.gz
Read list of 489 individuals from /dcs04/lieber/shared/statsgen/LDSC/base/referencefiles/1000G_EUR_Phase3_plink/1000G.EUR.QC.19.fam
Reading genotypes from /dcs04/lieber/shared/statsgen/LDSC/base/referencefiles/1000G_EUR_Phase3_plink/1000G.EUR.QC.19.bed
Estimating LD Score.
Reading list of 26259 SNPs for which to print LD Scores from /dcs04/lieber/shared/statsgen/LDSC/base/referencefiles/hapmap3_snps/hm.19.snp
After merging with --print-snps, LD Scores for 21991 SNPs will be printed.
Writing LD Scores for 21991 SNPs to ./out_L2_3_IT.NMF11/chr.19.l2.ldscore.gz

Summary of LD Scores in ./out_L2_3_IT.NMF11/chr.19.l2.ldscore.gz
         MAF       L2
mean  0.2369   0.9877
std   0.1428   6.4373
min   0.0051  -0.7401
25%   0.1125   0.0000
50%   0.2331   0.0000
75%   0.3569   0.0000
max   0.5000  85.1933

MAF/LD Score Correlation Matrix
        MAF      L2
MAF  1.0000  0.0491
L2   0.0491  1.0000

Annotation Correlation Matrix
       ANNOT
ANNOT    1.0

Annotation Matrix Column Sums
ANNOT    4989

Summary of Annotation Matrix Row Sums
count    232363.0000
mean          0.0215
std           0.1449
min           0.0000
25%           0.0000
50%           0.0000
75%           0.0000
max           1.0000
Analysis finished at Thu Dec 12 08:51:48 2024
Total time elapsed: 22.72s
