*********************************************************************
* LD Score Regression (LDSC)
* Version 1.0.1
* (C) 2014-2019 Brendan Bulik-Sullivan and Hilary Finucane
* Broad Institute of MIT and Harvard / MIT Department of Mathematics
* GNU General Public License v3
*********************************************************************
Call: 
./ldsc.py \
--print-snps /dcs04/lieber/shared/statsgen/LDSC/base/referencefiles/hapmap3_snps/hm.16.snp \
--ld-wind-cm 1.0 \
--out ./out_Vip.NMF47/chr.16 \
--bfile /dcs04/lieber/shared/statsgen/LDSC/base/referencefiles/1000G_EUR_Phase3_plink/1000G.EUR.QC.16 \
--thin-annot  \
--annot ./out_Vip.NMF47/chr.16.annot.gz \
--l2  

Beginning analysis at Wed Dec 11 17:51:16 2024
Read list of 316981 SNPs from /dcs04/lieber/shared/statsgen/LDSC/base/referencefiles/1000G_EUR_Phase3_plink/1000G.EUR.QC.16.bim
Read 1 annotations for 316981 SNPs from ./out_Vip.NMF47/chr.16.annot.gz
Read list of 489 individuals from /dcs04/lieber/shared/statsgen/LDSC/base/referencefiles/1000G_EUR_Phase3_plink/1000G.EUR.QC.16.fam
Reading genotypes from /dcs04/lieber/shared/statsgen/LDSC/base/referencefiles/1000G_EUR_Phase3_plink/1000G.EUR.QC.16.bed
Estimating LD Score.
Reading list of 44710 SNPs for which to print LD Scores from /dcs04/lieber/shared/statsgen/LDSC/base/referencefiles/hapmap3_snps/hm.16.snp
After merging with --print-snps, LD Scores for 37656 SNPs will be printed.
Writing LD Scores for 37656 SNPs to ./out_Vip.NMF47/chr.16.l2.ldscore.gz

Summary of LD Scores in ./out_Vip.NMF47/chr.16.l2.ldscore.gz
         MAF        L2
mean  0.2370    2.6383
std   0.1437   18.8801
min   0.0051   -1.9591
25%   0.1115    0.0000
50%   0.2290    0.0000
75%   0.3589    0.0000
max   0.5000  343.5116

MAF/LD Score Correlation Matrix
        MAF      L2
MAF  1.0000  0.0265
L2   0.0265  1.0000

Annotation Correlation Matrix
       ANNOT
ANNOT    1.0

Annotation Matrix Column Sums
ANNOT    5742

Summary of Annotation Matrix Row Sums
count    316981.0000
mean          0.0181
std           0.1334
min           0.0000
25%           0.0000
50%           0.0000
75%           0.0000
max           1.0000
Analysis finished at Wed Dec 11 17:52:03 2024
Total time elapsed: 46.93s
